#
# There is insufficient memory for the Java Runtime Environment to continue.
# Native memory allocation (malloc) failed to allocate 1979664 bytes for Chunk::new
# Possible reasons:
#   The system is out of physical RAM or swap space
#   The process is running with CompressedOops enabled, and the Java Heap may be blocking the growth of the native heap
# Possible solutions:
#   Reduce memory load on the system
#   Increase physical memory or swap space
#   Check if swap backing store is full
#   Decrease Java heap size (-Xmx/-Xms)
#   Decrease number of Java threads
#   Decrease Java thread stack sizes (-Xss)
#   Set larger code cache with -XX:ReservedCodeCacheSize=
#   JVM is running with Unscaled Compressed Oops mode in which the Java heap is
#     placed in the first 4GB address space. The Java Heap base address is the
#     maximum limit for the native heap growth. Please use -XX:HeapBaseMinAddress
#     to set the Java Heap base and to place the Java Heap above 4GB virtual address.
# This output file may be truncated or incomplete.
#
#  Out of Memory Error (arena.cpp:189), pid=19916, tid=25220
#
# JRE version: OpenJDK Runtime Environment Temurin-17.0.1+12 (17.0.1+12) (build 17.0.1+12)
# Java VM: OpenJDK 64-Bit Server VM Temurin-17.0.1+12 (17.0.1+12, mixed mode, tiered, compressed oops, compressed class ptrs, g1 gc, windows-amd64)
# No core dump will be written. Minidumps are not enabled by default on client versions of Windows
#

---------------  S U M M A R Y ------------

Command Line: -Dfile.encoding=UTF-8 -XX:+ShowCodeDetailsInExceptionMessages com.tutorial.userservice.UserServiceApplication

Host: Intel(R) Core(TM) i7-10750H CPU @ 2.60GHz, 12 cores, 7G,  Windows 10 , 64 bit Build 19041 (10.0.19041.1348)
Time: Wed Dec 29 06:05:11 2021 Hora est. Pacífico, Sudamérica elapsed time: 13.678798 seconds (0d 0h 0m 13s)

---------------  T H R E A D  ---------------

Current thread (0x0000023c0fd30670):  JavaThread "C2 CompilerThread0" daemon [_thread_in_native, id=25220, stack(0x0000005b81000000,0x0000005b81100000)]


Current CompileTask:
C2:  13678 4269   !   4       org.springframework.core.annotation.AnnotationsScanner::processMethodHierarchy (276 bytes)

Stack: [0x0000005b81000000,0x0000005b81100000]
Native frames: (J=compiled Java code, j=interpreted, Vv=VM code, C=native code)
V  [jvm.dll+0x6744da]
V  [jvm.dll+0x82e144]
V  [jvm.dll+0x82f8ee]
V  [jvm.dll+0x82ff53]
V  [jvm.dll+0x245175]
V  [jvm.dll+0xab85b]
V  [jvm.dll+0xabdec]
V  [jvm.dll+0x362f07]
V  [jvm.dll+0x32d4c1]
V  [jvm.dll+0x32c96a]
V  [jvm.dll+0x218031]
V  [jvm.dll+0x217451]
V  [jvm.dll+0x1a355d]
V  [jvm.dll+0x226e38]
V  [jvm.dll+0x224f7c]
V  [jvm.dll+0x7e3f5b]
V  [jvm.dll+0x7de51a]
V  [jvm.dll+0x673305]
C  [ucrtbase.dll+0x21bb2]
C  [KERNEL32.DLL+0x17034]
C  [ntdll.dll+0x52651]


---------------  P R O C E S S  ---------------

Threads class SMR info:
_java_thread_list=0x0000023c1226cf40, length=18, elements={
0x0000023c74f988f0, 0x0000023c0f2bcaa0, 0x0000023c0f2be390, 0x0000023c0f30e2a0,
0x0000023c0f2da910, 0x0000023c0f2dda80, 0x0000023c0fd2b980, 0x0000023c0fd30670,
0x0000023c0fd33470, 0x0000023c0fd44620, 0x0000023c0feaa1d0, 0x0000023c0feb60b0,
0x0000023c11797b80, 0x0000023c1058c460, 0x0000023c13cc6f80, 0x0000023c137fb800,
0x0000023c1055abc0, 0x0000023c137a70b0
}

Java Threads: ( => current thread )
  0x0000023c74f988f0 JavaThread "main" [_thread_in_vm, id=5124, stack(0x0000005b80300000,0x0000005b80400000)]
  0x0000023c0f2bcaa0 JavaThread "Reference Handler" daemon [_thread_blocked, id=11904, stack(0x0000005b80a00000,0x0000005b80b00000)]
  0x0000023c0f2be390 JavaThread "Finalizer" daemon [_thread_blocked, id=24756, stack(0x0000005b80b00000,0x0000005b80c00000)]
  0x0000023c0f30e2a0 JavaThread "Signal Dispatcher" daemon [_thread_blocked, id=18620, stack(0x0000005b80c00000,0x0000005b80d00000)]
  0x0000023c0f2da910 JavaThread "Attach Listener" daemon [_thread_blocked, id=24268, stack(0x0000005b80d00000,0x0000005b80e00000)]
  0x0000023c0f2dda80 JavaThread "Service Thread" daemon [_thread_blocked, id=2404, stack(0x0000005b80e00000,0x0000005b80f00000)]
  0x0000023c0fd2b980 JavaThread "Monitor Deflation Thread" daemon [_thread_blocked, id=18316, stack(0x0000005b80f00000,0x0000005b81000000)]
=>0x0000023c0fd30670 JavaThread "C2 CompilerThread0" daemon [_thread_in_native, id=25220, stack(0x0000005b81000000,0x0000005b81100000)]
  0x0000023c0fd33470 JavaThread "C1 CompilerThread0" daemon [_thread_in_vm, id=9416, stack(0x0000005b81100000,0x0000005b81200000)]
  0x0000023c0fd44620 JavaThread "Sweeper thread" daemon [_thread_blocked, id=16836, stack(0x0000005b81200000,0x0000005b81300000)]
  0x0000023c0feaa1d0 JavaThread "Notification Thread" daemon [_thread_blocked, id=11600, stack(0x0000005b81300000,0x0000005b81400000)]
  0x0000023c0feb60b0 JavaThread "Common-Cleaner" daemon [_thread_blocked, id=17536, stack(0x0000005b81500000,0x0000005b81600000)]
  0x0000023c11797b80 JavaThread "Keep-Alive-Timer" daemon [_thread_blocked, id=25368, stack(0x0000005b82200000,0x0000005b82300000)]
  0x0000023c1058c460 JavaThread "Catalina-utility-1" [_thread_blocked, id=12236, stack(0x0000005b82300000,0x0000005b82400000)]
  0x0000023c13cc6f80 JavaThread "Catalina-utility-2" [_thread_blocked, id=6248, stack(0x0000005b82400000,0x0000005b82500000)]
  0x0000023c137fb800 JavaThread "container-0" [_thread_blocked, id=17652, stack(0x0000005b82500000,0x0000005b82600000)]
  0x0000023c1055abc0 JavaThread "HikariPool-1 housekeeper" daemon [_thread_blocked, id=24084, stack(0x0000005b82600000,0x0000005b82700000)]
  0x0000023c137a70b0 JavaThread "HikariPool-1 connection adder" daemon [_thread_blocked, id=3888, stack(0x0000005b82700000,0x0000005b82800000)]

Other Threads:
  0x0000023c0f2b4ec0 VMThread "VM Thread" [stack: 0x0000005b80900000,0x0000005b80a00000] [id=11400]
  0x0000023c74ff35c0 WatcherThread [stack: 0x0000005b81400000,0x0000005b81500000] [id=10828]
  0x0000023c74fd97b0 GCTaskThread "GC Thread#0" [stack: 0x0000005b80400000,0x0000005b80500000] [id=24132]
  0x0000023c108b5b30 GCTaskThread "GC Thread#1" [stack: 0x0000005b81600000,0x0000005b81700000] [id=1780]
  0x0000023c114104a0 GCTaskThread "GC Thread#2" [stack: 0x0000005b81700000,0x0000005b81800000] [id=5108]
  0x0000023c1015eae0 GCTaskThread "GC Thread#3" [stack: 0x0000005b81800000,0x0000005b81900000] [id=8424]
  0x0000023c10890130 GCTaskThread "GC Thread#4" [stack: 0x0000005b81900000,0x0000005b81a00000] [id=20540]
  0x0000023c108903e0 GCTaskThread "GC Thread#5" [stack: 0x0000005b81a00000,0x0000005b81b00000] [id=22780]
  0x0000023c117a3d00 GCTaskThread "GC Thread#6" [stack: 0x0000005b81c00000,0x0000005b81d00000] [id=24492]
  0x0000023c116278a0 GCTaskThread "GC Thread#7" [stack: 0x0000005b81d00000,0x0000005b81e00000] [id=25568]
  0x0000023c11d04b60 GCTaskThread "GC Thread#8" [stack: 0x0000005b81e00000,0x0000005b81f00000] [id=10508]
  0x0000023c11d04e10 GCTaskThread "GC Thread#9" [stack: 0x0000005b81f00000,0x0000005b82000000] [id=20576]
  0x0000023c74fea950 ConcurrentGCThread "G1 Main Marker" [stack: 0x0000005b80500000,0x0000005b80600000] [id=21312]
  0x0000023c74fec770 ConcurrentGCThread "G1 Conc#0" [stack: 0x0000005b80600000,0x0000005b80700000] [id=22396]
  0x0000023c123cec40 ConcurrentGCThread "G1 Conc#1" [stack: 0x0000005b82000000,0x0000005b82100000] [id=9852]
  0x0000023c117e3010 ConcurrentGCThread "G1 Conc#2" [stack: 0x0000005b82100000,0x0000005b82200000] [id=18932]
  0x0000023c7506e1c0 ConcurrentGCThread "G1 Refine#0" [stack: 0x0000005b80700000,0x0000005b80800000] [id=24024]
  0x0000023c7506ebe0 ConcurrentGCThread "G1 Service" [stack: 0x0000005b80800000,0x0000005b80900000] [id=22148]

Threads with active compile tasks:
C2 CompilerThread0    13704 4269   !   4       org.springframework.core.annotation.AnnotationsScanner::processMethodHierarchy (276 bytes)

VM state: not at safepoint (normal execution)

VM Mutex/Monitor currently owned by a thread: None

Heap address: 0x0000000082a00000, size: 2006 MB, Compressed Oops mode: 32-bit

CDS archive(s) not mapped
Compressed class space mapped at: 0x0000000100000000-0x0000000140000000, reserved size: 1073741824
Narrow klass base: 0x0000000000000000, Narrow klass shift: 3, Narrow klass range: 0x140000000

GC Precious Log:
 CPUs: 12 total, 12 available
 Memory: 8023M
 Large Page Support: Disabled
 NUMA Support: Disabled
 Compressed Oops: Enabled (32-bit)
 Heap Region Size: 1M
 Heap Min Capacity: 8M
 Heap Initial Capacity: 126M
 Heap Max Capacity: 2006M
 Pre-touch: Disabled
 Parallel Workers: 10
 Concurrent Workers: 3
 Concurrent Refinement Workers: 10
 Periodic GC: Disabled

Heap:
 garbage-first heap   total 79872K, used 26180K [0x0000000082a00000, 0x0000000100000000)
  region size 1024K, 8 young (8192K), 5 survivors (5120K)
 Metaspace       used 60473K, committed 60736K, reserved 1105920K
  class space    used 7749K, committed 7872K, reserved 1048576K

Heap Regions: E=young(eden), S=young(survivor), O=old, HS=humongous(starts), HC=humongous(continues), CS=collection set, F=free, OA=open archive, CA=closed archive, TAMS=top-at-mark-start (previous, next)
|   0|0x0000000082a00000, 0x0000000082b00000, 0x0000000082b00000|100%|HS|  |TAMS 0x0000000082b00000, 0x0000000082a00000| Complete 
|   1|0x0000000082b00000, 0x0000000082c00000, 0x0000000082c00000|100%| O|  |TAMS 0x0000000082c00000, 0x0000000082b00000| Untracked 
|   2|0x0000000082c00000, 0x0000000082d00000, 0x0000000082d00000|100%| O|  |TAMS 0x0000000082d00000, 0x0000000082c00000| Untracked 
|   3|0x0000000082d00000, 0x0000000082e00000, 0x0000000082e00000|100%| O|  |TAMS 0x0000000082e00000, 0x0000000082d00000| Untracked 
|   4|0x0000000082e00000, 0x0000000082f00000, 0x0000000082f00000|100%| O|  |TAMS 0x0000000082f00000, 0x0000000082e00000| Untracked 
|   5|0x0000000082f00000, 0x0000000083000000, 0x0000000083000000|100%| O|  |TAMS 0x0000000083000000, 0x0000000082f00000| Untracked 
|   6|0x0000000083000000, 0x00000000830f4600, 0x0000000083100000| 95%| O|  |TAMS 0x00000000830f4600, 0x0000000083000000| Untracked 
|   7|0x0000000083100000, 0x0000000083200000, 0x0000000083200000|100%| O|  |TAMS 0x0000000083200000, 0x0000000083100000| Untracked 
|   8|0x0000000083200000, 0x0000000083300000, 0x0000000083300000|100%| O|  |TAMS 0x0000000083300000, 0x0000000083200000| Untracked 
|   9|0x0000000083300000, 0x0000000083400000, 0x0000000083400000|100%| O|  |TAMS 0x0000000083400000, 0x0000000083300000| Untracked 
|  10|0x0000000083400000, 0x0000000083500000, 0x0000000083500000|100%| O|  |TAMS 0x0000000083500000, 0x0000000083400000| Untracked 
|  11|0x0000000083500000, 0x000000008356b000, 0x0000000083600000| 41%| O|  |TAMS 0x000000008356b000, 0x0000000083500000| Untracked 
|  12|0x0000000083600000, 0x0000000083700000, 0x0000000083700000|100%| O|  |TAMS 0x0000000083700000, 0x0000000083600000| Untracked 
|  13|0x0000000083700000, 0x0000000083800000, 0x0000000083800000|100%| O|  |TAMS 0x0000000083800000, 0x0000000083700000| Untracked 
|  14|0x0000000083800000, 0x0000000083900000, 0x0000000083900000|100%| O|  |TAMS 0x0000000083900000, 0x0000000083800000| Untracked 
|  15|0x0000000083900000, 0x0000000083a00000, 0x0000000083a00000|100%| O|  |TAMS 0x0000000083900000, 0x0000000083900000| Untracked 
|  16|0x0000000083a00000, 0x0000000083b00000, 0x0000000083b00000|100%| O|  |TAMS 0x0000000083a00000, 0x0000000083a00000| Untracked 
|  17|0x0000000083b00000, 0x0000000083bbf000, 0x0000000083c00000| 74%| O|  |TAMS 0x0000000083b00000, 0x0000000083b00000| Untracked 
|  18|0x0000000083c00000, 0x0000000083c00000, 0x0000000083d00000|  0%| F|  |TAMS 0x0000000083c00000, 0x0000000083c00000| Untracked 
|  19|0x0000000083d00000, 0x0000000083d00000, 0x0000000083e00000|  0%| F|  |TAMS 0x0000000083d00000, 0x0000000083d00000| Untracked 
|  20|0x0000000083e00000, 0x0000000083e00000, 0x0000000083f00000|  0%| F|  |TAMS 0x0000000083e00000, 0x0000000083e00000| Untracked 
|  21|0x0000000083f00000, 0x0000000084000000, 0x0000000084000000|100%| O|  |TAMS 0x0000000084000000, 0x0000000083f00000| Untracked 
|  22|0x0000000084000000, 0x0000000084100000, 0x0000000084100000|100%| O|  |TAMS 0x00000000840c8800, 0x0000000084000000| Untracked 
|  23|0x0000000084100000, 0x0000000084100000, 0x0000000084200000|  0%| F|  |TAMS 0x0000000084100000, 0x0000000084100000| Untracked 
|  24|0x0000000084200000, 0x0000000084200000, 0x0000000084300000|  0%| F|  |TAMS 0x0000000084200000, 0x0000000084200000| Untracked 
|  25|0x0000000084300000, 0x0000000084300000, 0x0000000084400000|  0%| F|  |TAMS 0x0000000084300000, 0x0000000084300000| Untracked 
|  26|0x0000000084400000, 0x0000000084400000, 0x0000000084500000|  0%| F|  |TAMS 0x0000000084400000, 0x0000000084400000| Untracked 
|  27|0x0000000084500000, 0x0000000084500000, 0x0000000084600000|  0%| F|  |TAMS 0x0000000084500000, 0x0000000084500000| Untracked 
|  28|0x0000000084600000, 0x0000000084600000, 0x0000000084700000|  0%| F|  |TAMS 0x0000000084600000, 0x0000000084600000| Untracked 
|  29|0x0000000084700000, 0x0000000084700000, 0x0000000084800000|  0%| F|  |TAMS 0x0000000084700000, 0x0000000084700000| Untracked 
|  30|0x0000000084800000, 0x0000000084800000, 0x0000000084900000|  0%| F|  |TAMS 0x0000000084800000, 0x0000000084800000| Untracked 
|  31|0x0000000084900000, 0x0000000084900000, 0x0000000084a00000|  0%| F|  |TAMS 0x0000000084900000, 0x0000000084900000| Untracked 
|  32|0x0000000084a00000, 0x0000000084a00000, 0x0000000084b00000|  0%| F|  |TAMS 0x0000000084a00000, 0x0000000084a00000| Untracked 
|  33|0x0000000084b00000, 0x0000000084b00000, 0x0000000084c00000|  0%| F|  |TAMS 0x0000000084b00000, 0x0000000084b00000| Untracked 
|  34|0x0000000084c00000, 0x0000000084c00000, 0x0000000084d00000|  0%| F|  |TAMS 0x0000000084c00000, 0x0000000084c00000| Untracked 
|  35|0x0000000084d00000, 0x0000000084d00000, 0x0000000084e00000|  0%| F|  |TAMS 0x0000000084d00000, 0x0000000084d00000| Untracked 
|  36|0x0000000084e00000, 0x0000000084e00000, 0x0000000084f00000|  0%| F|  |TAMS 0x0000000084e00000, 0x0000000084e00000| Untracked 
|  37|0x0000000084f00000, 0x0000000084f00000, 0x0000000085000000|  0%| F|  |TAMS 0x0000000084f00000, 0x0000000084f00000| Untracked 
|  38|0x0000000085000000, 0x0000000085000000, 0x0000000085100000|  0%| F|  |TAMS 0x0000000085000000, 0x0000000085000000| Untracked 
|  39|0x0000000085100000, 0x0000000085100000, 0x0000000085200000|  0%| F|  |TAMS 0x0000000085100000, 0x0000000085100000| Untracked 
|  40|0x0000000085200000, 0x0000000085200000, 0x0000000085300000|  0%| F|  |TAMS 0x0000000085200000, 0x0000000085200000| Untracked 
|  41|0x0000000085300000, 0x0000000085300000, 0x0000000085400000|  0%| F|  |TAMS 0x0000000085300000, 0x0000000085300000| Untracked 
|  42|0x0000000085400000, 0x0000000085400000, 0x0000000085500000|  0%| F|  |TAMS 0x0000000085400000, 0x0000000085400000| Untracked 
|  43|0x0000000085500000, 0x0000000085500000, 0x0000000085600000|  0%| F|  |TAMS 0x0000000085500000, 0x0000000085500000| Untracked 
|  44|0x0000000085600000, 0x0000000085600000, 0x0000000085700000|  0%| F|  |TAMS 0x0000000085600000, 0x0000000085600000| Untracked 
|  45|0x0000000085700000, 0x0000000085700000, 0x0000000085800000|  0%| F|  |TAMS 0x0000000085700000, 0x0000000085700000| Untracked 
|  46|0x0000000085800000, 0x0000000085800000, 0x0000000085900000|  0%| F|  |TAMS 0x0000000085800000, 0x0000000085800000| Untracked 
|  47|0x0000000085900000, 0x0000000085900000, 0x0000000085a00000|  0%| F|  |TAMS 0x0000000085900000, 0x0000000085900000| Untracked 
|  48|0x0000000085a00000, 0x0000000085a00000, 0x0000000085b00000|  0%| F|  |TAMS 0x0000000085a00000, 0x0000000085a00000| Untracked 
|  49|0x0000000085b00000, 0x0000000085b72b78, 0x0000000085c00000| 44%| S|CS|TAMS 0x0000000085b00000, 0x0000000085b00000| Complete 
|  50|0x0000000085c00000, 0x0000000085d00000, 0x0000000085d00000|100%| S|CS|TAMS 0x0000000085c00000, 0x0000000085c00000| Complete 
|  51|0x0000000085d00000, 0x0000000085e00000, 0x0000000085e00000|100%| S|CS|TAMS 0x0000000085d00000, 0x0000000085d00000| Complete 
|  52|0x0000000085e00000, 0x0000000085f00000, 0x0000000085f00000|100%| S|CS|TAMS 0x0000000085e00000, 0x0000000085e00000| Complete 
|  53|0x0000000085f00000, 0x0000000086000000, 0x0000000086000000|100%| S|CS|TAMS 0x0000000085f00000, 0x0000000085f00000| Complete 
|  54|0x0000000086000000, 0x0000000086000000, 0x0000000086100000|  0%| F|  |TAMS 0x0000000086000000, 0x0000000086000000| Untracked 
|  55|0x0000000086100000, 0x0000000086100000, 0x0000000086200000|  0%| F|  |TAMS 0x0000000086100000, 0x0000000086100000| Untracked 
|  56|0x0000000086200000, 0x0000000086200000, 0x0000000086300000|  0%| F|  |TAMS 0x0000000086200000, 0x0000000086200000| Untracked 
|  57|0x0000000086300000, 0x0000000086300000, 0x0000000086400000|  0%| F|  |TAMS 0x0000000086300000, 0x0000000086300000| Untracked 
|  58|0x0000000086400000, 0x0000000086400000, 0x0000000086500000|  0%| F|  |TAMS 0x0000000086400000, 0x0000000086400000| Untracked 
|  59|0x0000000086500000, 0x0000000086500000, 0x0000000086600000|  0%| F|  |TAMS 0x0000000086500000, 0x0000000086500000| Untracked 
|  60|0x0000000086600000, 0x0000000086600000, 0x0000000086700000|  0%| F|  |TAMS 0x0000000086600000, 0x0000000086600000| Untracked 
|  61|0x0000000086700000, 0x0000000086700000, 0x0000000086800000|  0%| F|  |TAMS 0x0000000086700000, 0x0000000086700000| Untracked 
|  62|0x0000000086800000, 0x0000000086800000, 0x0000000086900000|  0%| F|  |TAMS 0x0000000086800000, 0x0000000086800000| Untracked 
|  63|0x0000000086900000, 0x0000000086900000, 0x0000000086a00000|  0%| F|  |TAMS 0x0000000086900000, 0x0000000086900000| Untracked 
|  64|0x0000000086a00000, 0x0000000086a00000, 0x0000000086b00000|  0%| F|  |TAMS 0x0000000086a00000, 0x0000000086a00000| Untracked 
|  65|0x0000000086b00000, 0x0000000086b00000, 0x0000000086c00000|  0%| F|  |TAMS 0x0000000086b00000, 0x0000000086b00000| Untracked 
|  66|0x0000000086c00000, 0x0000000086c00000, 0x0000000086d00000|  0%| F|  |TAMS 0x0000000086c00000, 0x0000000086c00000| Untracked 
|  67|0x0000000086d00000, 0x0000000086d00000, 0x0000000086e00000|  0%| F|  |TAMS 0x0000000086d00000, 0x0000000086d00000| Untracked 
|  68|0x0000000086e00000, 0x0000000086e00000, 0x0000000086f00000|  0%| F|  |TAMS 0x0000000086e00000, 0x0000000086e00000| Untracked 
|  69|0x0000000086f00000, 0x0000000086f00000, 0x0000000087000000|  0%| F|  |TAMS 0x0000000086f00000, 0x0000000086f00000| Untracked 
|  70|0x0000000087000000, 0x0000000087000000, 0x0000000087100000|  0%| F|  |TAMS 0x0000000087000000, 0x0000000087000000| Untracked 
|  71|0x0000000087100000, 0x0000000087100000, 0x0000000087200000|  0%| F|  |TAMS 0x0000000087100000, 0x0000000087100000| Untracked 
|  72|0x0000000087200000, 0x0000000087200000, 0x0000000087300000|  0%| F|  |TAMS 0x0000000087200000, 0x0000000087200000| Untracked 
|  73|0x0000000087300000, 0x0000000087300000, 0x0000000087400000|  0%| F|  |TAMS 0x0000000087300000, 0x0000000087300000| Untracked 
|  74|0x0000000087400000, 0x0000000087400000, 0x0000000087500000|  0%| F|  |TAMS 0x0000000087400000, 0x0000000087400000| Untracked 
|  75|0x0000000087500000, 0x0000000087600000, 0x0000000087600000|100%| E|  |TAMS 0x0000000087500000, 0x0000000087500000| Complete 
|  76|0x0000000087600000, 0x0000000087700000, 0x0000000087700000|100%| E|CS|TAMS 0x0000000087600000, 0x0000000087600000| Complete 
| 125|0x000000008a700000, 0x000000008a800000, 0x000000008a800000|100%| E|CS|TAMS 0x000000008a700000, 0x000000008a700000| Complete 

Card table byte_map: [0x0000023c78f80000,0x0000023c79370000] _byte_map_base: 0x0000023c78b6b000

Marking Bits (Prev, Next): (CMBitMap*) 0x0000023c74fd9e00, (CMBitMap*) 0x0000023c74fd9dc0
 Prev Bits: [0x0000023c7b6c0000, 0x0000023c7d618000)
 Next Bits: [0x0000023c79760000, 0x0000023c7b6b8000)

Polling page: 0x0000023c72f90000

Metaspace:

Usage:
  Non-class:     51.49 MB used.
      Class:      7.57 MB used.
       Both:     59.06 MB used.

Virtual space:
  Non-class space:       56.00 MB reserved,      51.62 MB ( 92%) committed,  7 nodes.
      Class space:        1.00 GB reserved,       7.69 MB ( <1%) committed,  1 nodes.
             Both:        1.05 GB reserved,      59.31 MB (  5%) committed. 

Chunk freelists:
   Non-Class:  1.00 KB
       Class:  329.00 KB
        Both:  330.00 KB

MaxMetaspaceSize: unlimited
CompressedClassSpaceSize: 1.00 GB
Initial GC threshold: 21.00 MB
Current GC threshold: 98.75 MB
CDS: off
MetaspaceReclaimPolicy: balanced
 - commit_granule_bytes: 65536.
 - commit_granule_words: 8192.
 - virtual_space_node_default_size: 1048576.
 - enlarge_chunks_in_place: 1.
 - new_chunks_are_fully_committed: 0.
 - uncommit_free_chunks: 1.
 - use_allocation_guard: 0.
 - handle_deallocations: 1.


Internal statistics:

num_allocs_failed_limit: 11.
num_arena_births: 390.
num_arena_deaths: 0.
num_vsnodes_births: 8.
num_vsnodes_deaths: 0.
num_space_committed: 949.
num_space_uncommitted: 0.
num_chunks_returned_to_freelist: 11.
num_chunks_taken_from_freelist: 2268.
num_chunk_merges: 8.
num_chunk_splits: 1601.
num_chunks_enlarged: 1294.
num_purges: 0.
num_inconsistent_stats: 0.

CodeHeap 'non-profiled nmethods': size=120000Kb used=1999Kb max_used=1999Kb free=118000Kb
 bounds [0x0000023c07ad0000, 0x0000023c07d40000, 0x0000023c0f000000]
CodeHeap 'profiled nmethods': size=120000Kb used=8380Kb max_used=8380Kb free=111619Kb
 bounds [0x0000023c005a0000, 0x0000023c00dd0000, 0x0000023c07ad0000]
CodeHeap 'non-nmethods': size=5760Kb used=1277Kb max_used=1335Kb free=4482Kb
 bounds [0x0000023c00000000, 0x0000023c00270000, 0x0000023c005a0000]
 total_blobs=5006 nmethods=4405 adapters=511
 compilation: enabled
              stopped_count=0, restarted_count=0
 full_count=0

Compilation events (20 events):
Event: 13.653 Thread 0x0000023c0fd33470 4418       2       java.lang.invoke.MethodHandles::constant (88 bytes)
Event: 13.654 Thread 0x0000023c0fd33470 nmethod 4418 0x0000023c00db3790 code [0x0000023c00db3a20, 0x0000023c00db41f8]
Event: 13.655 Thread 0x0000023c0fd33470 4419       2       java.lang.Exception::<init> (6 bytes)
Event: 13.656 Thread 0x0000023c0fd33470 nmethod 4419 0x0000023c00db4610 code [0x0000023c00db47c0, 0x0000023c00db4a88]
Event: 13.656 Thread 0x0000023c0fd33470 4420       2       java.util.LinkedHashMap::<init> (12 bytes)
Event: 13.656 Thread 0x0000023c0fd33470 nmethod 4420 0x0000023c00db4b90 code [0x0000023c00db4d20, 0x0000023c00db4e48]
Event: 13.657 Thread 0x0000023c0fd33470 4421   !   2       jdk.proxy2.$Proxy14::annotationType (29 bytes)
Event: 13.658 Thread 0x0000023c0fd33470 nmethod 4421 0x0000023c00db4f10 code [0x0000023c00db50c0, 0x0000023c00db5338]
Event: 13.658 Thread 0x0000023c0fd33470 4422       2       org.springframework.aop.framework.autoproxy.AutoProxyUtils::isOriginalInstance (55 bytes)
Event: 13.658 Thread 0x0000023c0fd33470 nmethod 4422 0x0000023c00db5490 code [0x0000023c00db5660, 0x0000023c00db5958]
Event: 13.658 Thread 0x0000023c0fd33470 4424   !   2       jdk.proxy2.$Proxy12::annotationType (29 bytes)
Event: 13.658 Thread 0x0000023c0fd33470 nmethod 4424 0x0000023c00db5c10 code [0x0000023c00db5dc0, 0x0000023c00db6038]
Event: 13.658 Thread 0x0000023c0fd33470 4423       2       org.springframework.beans.factory.support.AbstractBeanDefinition::getResolvedAutowireMode (59 bytes)
Event: 13.659 Thread 0x0000023c0fd33470 nmethod 4423 0x0000023c00db6190 code [0x0000023c00db6360, 0x0000023c00db6598]
Event: 13.669 Thread 0x0000023c0fd33470 4425       2       org.springframework.core.annotation.TypeMappedAnnotation::getAttributeValue (23 bytes)
Event: 13.669 Thread 0x0000023c0fd33470 nmethod 4425 0x0000023c00db6710 code [0x0000023c00db68c0, 0x0000023c00db6a58]
Event: 13.669 Thread 0x0000023c0fd33470 4426       2       org.springframework.core.annotation.TypeMappedAnnotation::getAttributeIndex (83 bytes)
Event: 13.669 Thread 0x0000023c0fd33470 nmethod 4426 0x0000023c00db6b10 code [0x0000023c00db6d60, 0x0000023c00db7348]
Event: 13.674 Thread 0x0000023c0fd33470 4427       1       java.lang.reflect.ProxyGenerator::getClassLoader (5 bytes)
Event: 13.674 Thread 0x0000023c0fd33470 nmethod 4427 0x0000023c07cc1e90 code [0x0000023c07cc2020, 0x0000023c07cc20f8]

GC Heap History (20 events):
Event: 9.554 GC heap before
{Heap before GC invocations=6 (full 0):
 garbage-first heap   total 37888K, used 27464K [0x0000000082a00000, 0x0000000100000000)
  region size 1024K, 19 young (19456K), 3 survivors (3072K)
 Metaspace       used 28259K, committed 28480K, reserved 1081344K
  class space    used 3218K, committed 3328K, reserved 1048576K
}
Event: 9.558 GC heap after
{Heap after GC invocations=7 (full 0):
 garbage-first heap   total 37888K, used 12266K [0x0000000082a00000, 0x0000000100000000)
  region size 1024K, 2 young (2048K), 2 survivors (2048K)
 Metaspace       used 28259K, committed 28480K, reserved 1081344K
  class space    used 3218K, committed 3328K, reserved 1048576K
}
Event: 9.567 GC heap before
{Heap before GC invocations=7 (full 0):
 garbage-first heap   total 37888K, used 27626K [0x0000000082a00000, 0x0000000100000000)
  region size 1024K, 18 young (18432K), 2 survivors (2048K)
 Metaspace       used 28377K, committed 28672K, reserved 1081344K
  class space    used 3228K, committed 3392K, reserved 1048576K
}
Event: 9.569 GC heap after
{Heap after GC invocations=8 (full 0):
 garbage-first heap   total 37888K, used 12206K [0x0000000082a00000, 0x0000000100000000)
  region size 1024K, 2 young (2048K), 2 survivors (2048K)
 Metaspace       used 28377K, committed 28672K, reserved 1081344K
  class space    used 3228K, committed 3392K, reserved 1048576K
}
Event: 9.811 GC heap before
{Heap before GC invocations=8 (full 0):
 garbage-first heap   total 37888K, used 28590K [0x0000000082a00000, 0x0000000100000000)
  region size 1024K, 18 young (18432K), 2 survivors (2048K)
 Metaspace       used 29819K, committed 30144K, reserved 1081344K
  class space    used 3384K, committed 3520K, reserved 1048576K
}
Event: 9.815 GC heap after
{Heap after GC invocations=9 (full 0):
 garbage-first heap   total 37888K, used 13470K [0x0000000082a00000, 0x0000000100000000)
  region size 1024K, 3 young (3072K), 3 survivors (3072K)
 Metaspace       used 29819K, committed 30144K, reserved 1081344K
  class space    used 3384K, committed 3520K, reserved 1048576K
}
Event: 10.133 GC heap before
{Heap before GC invocations=9 (full 0):
 garbage-first heap   total 37888K, used 28830K [0x0000000082a00000, 0x0000000100000000)
  region size 1024K, 18 young (18432K), 3 survivors (3072K)
 Metaspace       used 32083K, committed 32384K, reserved 1081344K
  class space    used 3699K, committed 3840K, reserved 1048576K
}
Event: 10.139 GC heap after
{Heap after GC invocations=10 (full 0):
 garbage-first heap   total 79872K, used 14248K [0x0000000082a00000, 0x0000000100000000)
  region size 1024K, 3 young (3072K), 3 survivors (3072K)
 Metaspace       used 32083K, committed 32384K, reserved 1081344K
  class space    used 3699K, committed 3840K, reserved 1048576K
}
Event: 10.542 GC heap before
{Heap before GC invocations=10 (full 0):
 garbage-first heap   total 79872K, used 33704K [0x0000000082a00000, 0x0000000100000000)
  region size 1024K, 23 young (23552K), 3 survivors (3072K)
 Metaspace       used 35903K, committed 36160K, reserved 1081344K
  class space    used 4263K, committed 4416K, reserved 1048576K
}
Event: 10.550 GC heap after
{Heap after GC invocations=11 (full 0):
 garbage-first heap   total 79872K, used 16463K [0x0000000082a00000, 0x0000000100000000)
  region size 1024K, 5 young (5120K), 5 survivors (5120K)
 Metaspace       used 35903K, committed 36160K, reserved 1081344K
  class space    used 4263K, committed 4416K, reserved 1048576K
}
Event: 10.774 GC heap before
{Heap before GC invocations=12 (full 0):
 garbage-first heap   total 61440K, used 50255K [0x0000000082a00000, 0x0000000100000000)
  region size 1024K, 40 young (40960K), 5 survivors (5120K)
 Metaspace       used 37935K, committed 38208K, reserved 1089536K
  class space    used 4465K, committed 4608K, reserved 1048576K
}
Event: 10.780 GC heap after
{Heap after GC invocations=13 (full 0):
 garbage-first heap   total 61440K, used 17780K [0x0000000082a00000, 0x0000000100000000)
  region size 1024K, 4 young (4096K), 4 survivors (4096K)
 Metaspace       used 37935K, committed 38208K, reserved 1089536K
  class space    used 4465K, committed 4608K, reserved 1048576K
}
Event: 10.842 GC heap before
{Heap before GC invocations=13 (full 0):
 garbage-first heap   total 61440K, used 47476K [0x0000000082a00000, 0x0000000100000000)
  region size 1024K, 32 young (32768K), 4 survivors (4096K)
 Metaspace       used 38144K, committed 38464K, reserved 1089536K
  class space    used 4484K, committed 4608K, reserved 1048576K
}
Event: 10.846 GC heap after
{Heap after GC invocations=14 (full 0):
 garbage-first heap   total 61440K, used 18942K [0x0000000082a00000, 0x0000000100000000)
  region size 1024K, 2 young (2048K), 2 survivors (2048K)
 Metaspace       used 38144K, committed 38464K, reserved 1089536K
  class space    used 4484K, committed 4608K, reserved 1048576K
}
Event: 11.447 GC heap before
{Heap before GC invocations=14 (full 0):
 garbage-first heap   total 61440K, used 47614K [0x0000000082a00000, 0x0000000100000000)
  region size 1024K, 30 young (30720K), 2 survivors (2048K)
 Metaspace       used 44730K, committed 45120K, reserved 1089536K
  class space    used 5250K, committed 5440K, reserved 1048576K
}
Event: 11.450 GC heap after
{Heap after GC invocations=15 (full 0):
 garbage-first heap   total 79872K, used 19533K [0x0000000082a00000, 0x0000000100000000)
  region size 1024K, 3 young (3072K), 3 survivors (3072K)
 Metaspace       used 44730K, committed 45120K, reserved 1089536K
  class space    used 5250K, committed 5440K, reserved 1048576K
}
Event: 12.768 GC heap before
{Heap before GC invocations=15 (full 0):
 garbage-first heap   total 79872K, used 63565K [0x0000000082a00000, 0x0000000100000000)
  region size 1024K, 46 young (47104K), 3 survivors (3072K)
 Metaspace       used 56973K, committed 57280K, reserved 1105920K
  class space    used 7262K, committed 7424K, reserved 1048576K
}
Event: 12.781 GC heap after
{Heap after GC invocations=16 (full 0):
 garbage-first heap   total 79872K, used 21819K [0x0000000082a00000, 0x0000000100000000)
  region size 1024K, 6 young (6144K), 6 survivors (6144K)
 Metaspace       used 56973K, committed 57280K, reserved 1105920K
  class space    used 7262K, committed 7424K, reserved 1048576K
}
Event: 13.644 GC heap before
{Heap before GC invocations=16 (full 0):
 garbage-first heap   total 79872K, used 45371K [0x0000000082a00000, 0x0000000100000000)
  region size 1024K, 30 young (30720K), 6 survivors (6144K)
 Metaspace       used 60277K, committed 60608K, reserved 1105920K
  class space    used 7702K, committed 7872K, reserved 1048576K
}
Event: 13.650 GC heap after
{Heap after GC invocations=17 (full 0):
 garbage-first heap   total 79872K, used 24132K [0x0000000082a00000, 0x0000000100000000)
  region size 1024K, 5 young (5120K), 5 survivors (5120K)
 Metaspace       used 60277K, committed 60608K, reserved 1105920K
  class space    used 7702K, committed 7872K, reserved 1048576K
}

Deoptimization events (20 events):
Event: 13.384 Thread 0x0000023c74f988f0 Uncommon trap: trap_request=0xffffffbe fr.pc=0x0000023c07cafe90 relative=0x0000000000000850
Event: 13.384 Thread 0x0000023c74f988f0 Uncommon trap: reason=profile_predicate action=maybe_recompile pc=0x0000023c07cafe90 method=java.lang.PublicMethods$MethodList.filter([Ljava/lang/reflect/Method;Ljava/lang/String;[Ljava/lang/Class;Z)Ljava/lang/PublicMethods$MethodList; @ 21 c2
Event: 13.384 Thread 0x0000023c74f988f0 DEOPT PACKING pc=0x0000023c07cafe90 sp=0x0000005b803fc3f0
Event: 13.384 Thread 0x0000023c74f988f0 DEOPT UNPACKING pc=0x0000023c000523a3 sp=0x0000005b803fc3a8 mode 2
Event: 13.485 Thread 0x0000023c74f988f0 Uncommon trap: trap_request=0xffffffc6 fr.pc=0x0000023c07b9d2dc relative=0x000000000000031c
Event: 13.485 Thread 0x0000023c74f988f0 Uncommon trap: reason=bimorphic_or_optimized_type_check action=maybe_recompile pc=0x0000023c07b9d2dc method=java.util.HashMap.getNode(Ljava/lang/Object;)Ljava/util/HashMap$Node; @ 128 c2
Event: 13.485 Thread 0x0000023c74f988f0 DEOPT PACKING pc=0x0000023c07b9d2dc sp=0x0000005b803fbc90
Event: 13.485 Thread 0x0000023c74f988f0 DEOPT UNPACKING pc=0x0000023c000523a3 sp=0x0000005b803fbb98 mode 2
Event: 13.502 Thread 0x0000023c74f988f0 Uncommon trap: trap_request=0xffffff45 fr.pc=0x0000023c07bc9280 relative=0x00000000000013a0
Event: 13.502 Thread 0x0000023c74f988f0 Uncommon trap: reason=unstable_if action=reinterpret pc=0x0000023c07bc9280 method=java.util.concurrent.ConcurrentHashMap.transfer([Ljava/util/concurrent/ConcurrentHashMap$Node;[Ljava/util/concurrent/ConcurrentHashMap$Node;)V @ 352 c2
Event: 13.503 Thread 0x0000023c74f988f0 DEOPT PACKING pc=0x0000023c07bc9280 sp=0x0000005b803fce00
Event: 13.503 Thread 0x0000023c74f988f0 DEOPT UNPACKING pc=0x0000023c000523a3 sp=0x0000005b803fcd88 mode 2
Event: 13.503 Thread 0x0000023c74f988f0 Uncommon trap: trap_request=0xffffff45 fr.pc=0x0000023c07bbb6d8 relative=0x0000000000001118
Event: 13.503 Thread 0x0000023c74f988f0 Uncommon trap: reason=unstable_if action=reinterpret pc=0x0000023c07bbb6d8 method=java.util.concurrent.ConcurrentHashMap.transfer([Ljava/util/concurrent/ConcurrentHashMap$Node;[Ljava/util/concurrent/ConcurrentHashMap$Node;)V @ 352 c2
Event: 13.503 Thread 0x0000023c74f988f0 DEOPT PACKING pc=0x0000023c07bbb6d8 sp=0x0000005b803fce20
Event: 13.503 Thread 0x0000023c74f988f0 DEOPT UNPACKING pc=0x0000023c000523a3 sp=0x0000005b803fcd88 mode 2
Event: 13.567 Thread 0x0000023c74f988f0 Uncommon trap: trap_request=0xffffff45 fr.pc=0x0000023c07caa2e8 relative=0x00000000000021e8
Event: 13.567 Thread 0x0000023c74f988f0 Uncommon trap: reason=unstable_if action=reinterpret pc=0x0000023c07caa2e8 method=org.springframework.beans.factory.support.AbstractBeanFactory.isTypeMatch(Ljava/lang/String;Lorg/springframework/core/ResolvableType;Z)Z @ 262 c2
Event: 13.567 Thread 0x0000023c74f988f0 DEOPT PACKING pc=0x0000023c07caa2e8 sp=0x0000005b803fc600
Event: 13.567 Thread 0x0000023c74f988f0 DEOPT UNPACKING pc=0x0000023c000523a3 sp=0x0000005b803fc5a8 mode 2

Classes unloaded (0 events):
No events

Classes redefined (0 events):
No events

Internal exceptions (20 events):
Event: 12.955 Thread 0x0000023c74f988f0 Exception <a 'java/lang/ClassNotFoundException'{0x0000000087695e00}: org/springframework/beans/factory/AwareCustomizer> (0x0000000087695e00) 
thrown [e:\jenkins\tmp\workspace\build\src\src\hotspot\share\classfile\systemDictionary.cpp, line 256]
Event: 12.968 Thread 0x0000023c74f988f0 Exception <a 'java/lang/ClassNotFoundException'{0x00000000876c0360}: java/lang/ObjectCustomizer> (0x00000000876c0360) 
thrown [e:\jenkins\tmp\workspace\build\src\src\hotspot\share\classfile\systemDictionary.cpp, line 256]
Event: 12.969 Thread 0x0000023c74f988f0 Exception <a 'java/lang/ClassNotFoundException'{0x00000000876c9718}: org/springframework/core/io/support/PropertiesLoaderSupportCustomizer> (0x00000000876c9718) 
thrown [e:\jenkins\tmp\workspace\build\src\src\hotspot\share\classfile\systemDictionary.cpp, line 256]
Event: 12.971 Thread 0x0000023c74f988f0 Exception <a 'java/lang/ClassNotFoundException'{0x00000000876d86c8}: org/springframework/beans/factory/config/PropertiesFactoryBeanCustomizer> (0x00000000876d86c8) 
thrown [e:\jenkins\tmp\workspace\build\src\src\hotspot\share\classfile\systemDictionary.cpp, line 256]
Event: 12.972 Thread 0x0000023c74f988f0 Exception <a 'java/lang/ClassNotFoundException'{0x00000000876ef0d8}: org/springframework/beans/factory/FactoryBeanCustomizer> (0x00000000876ef0d8) 
thrown [e:\jenkins\tmp\workspace\build\src\src\hotspot\share\classfile\systemDictionary.cpp, line 256]
Event: 12.973 Thread 0x0000023c74f988f0 Exception <a 'java/lang/ClassNotFoundException'{0x00000000876f7750}: org/springframework/beans/factory/InitializingBeanCustomizer> (0x00000000876f7750) 
thrown [e:\jenkins\tmp\workspace\build\src\src\hotspot\share\classfile\systemDictionary.cpp, line 256]
Event: 13.327 Thread 0x0000023c74f988f0 Exception <a 'java/lang/ClassNotFoundException'{0x0000000086e38450}: java/lang/ObjectCustomizer> (0x0000000086e38450) 
thrown [e:\jenkins\tmp\workspace\build\src\src\hotspot\share\classfile\systemDictionary.cpp, line 256]
Event: 13.328 Thread 0x0000023c74f988f0 Exception <a 'java/lang/ClassNotFoundException'{0x0000000086e3f568}: com/tutorial/userservice/entity/UserCustomizer> (0x0000000086e3f568) 
thrown [e:\jenkins\tmp\workspace\build\src\src\hotspot\share\classfile\systemDictionary.cpp, line 256]
Event: 13.351 Thread 0x0000023c74f988f0 Exception <a 'java/lang/NoSuchMethodError'{0x0000000086d38888}: 'int java.lang.invoke.DirectMethodHandle$Holder.invokeVirtual(java.lang.Object, java.lang.Object, java.lang.Object)'> (0x0000000086d38888) 
thrown [e:\jenkins\tmp\workspace\build\src\src\hotspot\share\interpreter\linkResolver.cpp, line 766]
Event: 13.409 Thread 0x0000023c74f988f0 Exception <a 'java/lang/IncompatibleClassChangeError'{0x0000000086cd7b60}: Found class java.lang.Object, but interface was expected> (0x0000000086cd7b60) 
thrown [e:\jenkins\tmp\workspace\build\src\src\hotspot\share\interpreter\linkResolver.cpp, line 833]
Event: 13.609 Thread 0x0000023c74f988f0 Exception <a 'java/lang/ClassNotFoundException'{0x000000008628caa8}: java/lang/ObjectCustomizer> (0x000000008628caa8) 
thrown [e:\jenkins\tmp\workspace\build\src\src\hotspot\share\classfile\systemDictionary.cpp, line 256]
Event: 13.609 Thread 0x0000023c74f988f0 Exception <a 'java/lang/ClassNotFoundException'{0x0000000086294d08}: org/springframework/web/servlet/config/annotation/WebMvcConfigurationSupportCustomizer> (0x0000000086294d08) 
thrown [e:\jenkins\tmp\workspace\build\src\src\hotspot\share\classfile\systemDictionary.cpp, line 256]
Event: 13.610 Thread 0x0000023c74f988f0 Exception <a 'java/lang/ClassNotFoundException'{0x00000000862a92e0}: org/springframework/web/servlet/config/annotation/DelegatingWebMvcConfigurationCustomizer> (0x00000000862a92e0) 
thrown [e:\jenkins\tmp\workspace\build\src\src\hotspot\share\classfile\systemDictionary.cpp, line 256]
Event: 13.610 Thread 0x0000023c74f988f0 Exception <a 'java/lang/ClassNotFoundException'{0x00000000862b2b30}: org/springframework/boot/autoconfigure/web/servlet/WebMvcAutoConfiguration$EnableWebMvcConfigurationCustomizer> (0x00000000862b2b30) 
thrown [e:\jenkins\tmp\workspace\build\src\src\hotspot\share\classfile\systemDictionary.cpp, line 256]
Event: 13.611 Thread 0x0000023c74f988f0 Exception <a 'java/lang/ClassNotFoundException'{0x00000000862c6710}: org/springframework/context/ResourceLoaderAwareCustomizer> (0x00000000862c6710) 
thrown [e:\jenkins\tmp\workspace\build\src\src\hotspot\share\classfile\systemDictionary.cpp, line 256]
Event: 13.611 Thread 0x0000023c74f988f0 Exception <a 'java/lang/ClassNotFoundException'{0x00000000862cbb38}: org/springframework/beans/factory/AwareCustomizer> (0x00000000862cbb38) 
thrown [e:\jenkins\tmp\workspace\build\src\src\hotspot\share\classfile\systemDictionary.cpp, line 256]
Event: 13.612 Thread 0x0000023c74f988f0 Exception <a 'java/lang/ClassNotFoundException'{0x00000000862d0350}: org/springframework/context/ApplicationContextAwareCustomizer> (0x00000000862d0350) 
thrown [e:\jenkins\tmp\workspace\build\src\src\hotspot\share\classfile\systemDictionary.cpp, line 256]
Event: 13.612 Thread 0x0000023c74f988f0 Exception <a 'java/lang/ClassNotFoundException'{0x00000000862d6268}: org/springframework/beans/factory/AwareCustomizer> (0x00000000862d6268) 
thrown [e:\jenkins\tmp\workspace\build\src\src\hotspot\share\classfile\systemDictionary.cpp, line 256]
Event: 13.612 Thread 0x0000023c74f988f0 Exception <a 'java/lang/ClassNotFoundException'{0x00000000862daa58}: org/springframework/web/context/ServletContextAwareCustomizer> (0x00000000862daa58) 
thrown [e:\jenkins\tmp\workspace\build\src\src\hotspot\share\classfile\systemDictionary.cpp, line 256]
Event: 13.613 Thread 0x0000023c74f988f0 Exception <a 'java/lang/ClassNotFoundException'{0x00000000862e02b8}: org/springframework/beans/factory/AwareCustomizer> (0x00000000862e02b8) 
thrown [e:\jenkins\tmp\workspace\build\src\src\hotspot\share\classfile\systemDictionary.cpp, line 256]

VM Operations (20 events):
Event: 11.124 Executing VM operation: HandshakeAllThreads
Event: 11.124 Executing VM operation: HandshakeAllThreads done
Event: 11.446 Executing VM operation: G1CollectForAllocation
Event: 11.450 Executing VM operation: G1CollectForAllocation done
Event: 12.456 Executing VM operation: Cleanup
Event: 12.456 Executing VM operation: Cleanup done
Event: 12.768 Executing VM operation: G1CollectForAllocation
Event: 12.782 Executing VM operation: G1CollectForAllocation done
Event: 13.455 Executing VM operation: HandshakeAllThreads
Event: 13.455 Executing VM operation: HandshakeAllThreads done
Event: 13.510 Executing VM operation: HandshakeAllThreads
Event: 13.510 Executing VM operation: HandshakeAllThreads done
Event: 13.528 Executing VM operation: ICBufferFull
Event: 13.528 Executing VM operation: ICBufferFull done
Event: 13.644 Executing VM operation: CollectForMetadataAllocation
Event: 13.650 Executing VM operation: CollectForMetadataAllocation done
Event: 13.661 Executing VM operation: G1Concurrent
Event: 13.663 Executing VM operation: G1Concurrent done
Event: 13.667 Executing VM operation: G1Concurrent
Event: 13.668 Executing VM operation: G1Concurrent done

Events (20 events):
Event: 13.628 loading class java/util/stream/ReduceOps$5
Event: 13.628 loading class java/util/stream/ReduceOps$5 done
Event: 13.628 loading class java/util/stream/ReduceOps$CountingSink$OfRef
Event: 13.628 loading class java/util/stream/ReduceOps$CountingSink
Event: 13.628 loading class java/util/stream/ReduceOps$CountingSink done
Event: 13.628 loading class java/util/stream/ReduceOps$CountingSink$OfRef done
Event: 13.641 loading class java/util/zip/GZIPInputStream
Event: 13.642 loading class java/util/zip/GZIPInputStream done
Event: 13.642 loading class java/util/zip/GZIPOutputStream
Event: 13.642 loading class java/util/zip/DeflaterOutputStream
Event: 13.642 loading class java/util/zip/DeflaterOutputStream done
Event: 13.642 loading class java/util/zip/GZIPOutputStream done
Event: 13.660 loading class java/util/stream/ReduceOps$1
Event: 13.660 loading class java/util/stream/ReduceOps$1 done
Event: 13.660 loading class java/util/stream/ReduceOps$1ReducingSink
Event: 13.660 loading class java/util/stream/ReduceOps$1ReducingSink done
Event: 13.665 loading class java/util/regex/Pattern$NotBehind
Event: 13.665 loading class java/util/regex/Pattern$NotBehind done
Event: 13.676 loading class sun/reflect/generics/tree/IntSignature
Event: 13.676 loading class sun/reflect/generics/tree/IntSignature done


Dynamic libraries:
0x00007ff675470000 - 0x00007ff67547e000 	C:\Users\GIBAM\.p2\pool\plugins\org.eclipse.justj.openjdk.hotspot.jre.full.win32.x86_64_17.0.1.v20211116-1657\jre\bin\javaw.exe
0x00007ffa82130000 - 0x00007ffa82325000 	C:\Windows\SYSTEM32\ntdll.dll
0x00007ffa810e0000 - 0x00007ffa8119e000 	C:\Windows\System32\KERNEL32.DLL
0x00007ffa7fc40000 - 0x00007ffa7ff08000 	C:\Windows\System32\KERNELBASE.dll
0x00007ffa80070000 - 0x00007ffa80170000 	C:\Windows\System32\ucrtbase.dll
0x00007ffa41260000 - 0x00007ffa41278000 	C:\Users\GIBAM\.p2\pool\plugins\org.eclipse.justj.openjdk.hotspot.jre.full.win32.x86_64_17.0.1.v20211116-1657\jre\bin\jli.dll
0x00007ffa5df70000 - 0x00007ffa5df89000 	C:\Users\GIBAM\.p2\pool\plugins\org.eclipse.justj.openjdk.hotspot.jre.full.win32.x86_64_17.0.1.v20211116-1657\jre\bin\VCRUNTIME140.dll
0x00007ffa81d20000 - 0x00007ffa81ec1000 	C:\Windows\System32\USER32.dll
0x00007ffa5d3d0000 - 0x00007ffa5d66a000 	C:\Windows\WinSxS\amd64_microsoft.windows.common-controls_6595b64144ccf1df_6.0.19041.1110_none_60b5254171f9507e\COMCTL32.dll
0x00007ffa7ff10000 - 0x00007ffa7ff32000 	C:\Windows\System32\win32u.dll
0x00007ffa81f30000 - 0x00007ffa81fce000 	C:\Windows\System32\msvcrt.dll
0x00007ffa803b0000 - 0x00007ffa803db000 	C:\Windows\System32\GDI32.dll
0x00007ffa7f840000 - 0x00007ffa7f94d000 	C:\Windows\System32\gdi32full.dll
0x00007ffa7fb10000 - 0x00007ffa7fbad000 	C:\Windows\System32\msvcp_win.dll
0x00007ffa81cf0000 - 0x00007ffa81d20000 	C:\Windows\System32\IMM32.DLL
0x00007ffa5df60000 - 0x00007ffa5df6c000 	C:\Users\GIBAM\.p2\pool\plugins\org.eclipse.justj.openjdk.hotspot.jre.full.win32.x86_64_17.0.1.v20211116-1657\jre\bin\vcruntime140_1.dll
0x00007ffa41df0000 - 0x00007ffa41e81000 	C:\Users\GIBAM\.p2\pool\plugins\org.eclipse.justj.openjdk.hotspot.jre.full.win32.x86_64_17.0.1.v20211116-1657\jre\bin\msvcp140.dll
0x00007ffa05840000 - 0x00007ffa06486000 	C:\Users\GIBAM\.p2\pool\plugins\org.eclipse.justj.openjdk.hotspot.jre.full.win32.x86_64_17.0.1.v20211116-1657\jre\bin\server\jvm.dll
0x00007ffa815b0000 - 0x00007ffa8165c000 	C:\Windows\System32\ADVAPI32.dll
0x00007ffa80170000 - 0x00007ffa8020b000 	C:\Windows\System32\sechost.dll
0x00007ffa80fb0000 - 0x00007ffa810da000 	C:\Windows\System32\RPCRT4.dll
0x00007ffa811a0000 - 0x00007ffa811a8000 	C:\Windows\System32\PSAPI.DLL
0x00007ffa6d390000 - 0x00007ffa6d3b7000 	C:\Windows\SYSTEM32\WINMM.dll
0x00007ffa497e0000 - 0x00007ffa497e9000 	C:\Windows\SYSTEM32\WSOCK32.dll
0x00007ffa783d0000 - 0x00007ffa783da000 	C:\Windows\SYSTEM32\VERSION.dll
0x00007ffa81c80000 - 0x00007ffa81ceb000 	C:\Windows\System32\WS2_32.dll
0x00007ffa7e0d0000 - 0x00007ffa7e0e2000 	C:\Windows\SYSTEM32\kernel.appcore.dll
0x00007ffa496e0000 - 0x00007ffa496ea000 	C:\Users\GIBAM\.p2\pool\plugins\org.eclipse.justj.openjdk.hotspot.jre.full.win32.x86_64_17.0.1.v20211116-1657\jre\bin\jimage.dll
0x00007ffa7d480000 - 0x00007ffa7d664000 	C:\Windows\SYSTEM32\DBGHELP.DLL
0x00007ffa5e600000 - 0x00007ffa5e62c000 	C:\Windows\SYSTEM32\dbgcore.DLL
0x00007ffa7fbb0000 - 0x00007ffa7fc32000 	C:\Windows\System32\bcryptPrimitives.dll
0x00007ffa37860000 - 0x00007ffa37885000 	C:\Users\GIBAM\.p2\pool\plugins\org.eclipse.justj.openjdk.hotspot.jre.full.win32.x86_64_17.0.1.v20211116-1657\jre\bin\java.dll
0x00007ffa37840000 - 0x00007ffa37858000 	C:\Users\GIBAM\.p2\pool\plugins\org.eclipse.justj.openjdk.hotspot.jre.full.win32.x86_64_17.0.1.v20211116-1657\jre\bin\zip.dll
0x00007ffa80860000 - 0x00007ffa80fa4000 	C:\Windows\System32\SHELL32.dll
0x00007ffa7d8d0000 - 0x00007ffa7e064000 	C:\Windows\SYSTEM32\windows.storage.dll
0x00007ffa816c0000 - 0x00007ffa81a15000 	C:\Windows\System32\combase.dll
0x00007ffa7f290000 - 0x00007ffa7f2be000 	C:\Windows\SYSTEM32\Wldp.dll
0x00007ffa81fe0000 - 0x00007ffa8208d000 	C:\Windows\System32\SHCORE.dll
0x00007ffa81ed0000 - 0x00007ffa81f25000 	C:\Windows\System32\shlwapi.dll
0x00007ffa7f780000 - 0x00007ffa7f79f000 	C:\Windows\SYSTEM32\profapi.dll
0x00007ffa37820000 - 0x00007ffa37839000 	C:\Users\GIBAM\.p2\pool\plugins\org.eclipse.justj.openjdk.hotspot.jre.full.win32.x86_64_17.0.1.v20211116-1657\jre\bin\net.dll
0x00007ffa6e840000 - 0x00007ffa6e94c000 	C:\Windows\SYSTEM32\WINHTTP.dll
0x00007ffa7efa0000 - 0x00007ffa7f00a000 	C:\Windows\system32\mswsock.dll
0x00007ffa37800000 - 0x00007ffa37815000 	C:\Users\GIBAM\.p2\pool\plugins\org.eclipse.justj.openjdk.hotspot.jre.full.win32.x86_64_17.0.1.v20211116-1657\jre\bin\nio.dll
0x00007ffa377f0000 - 0x00007ffa37800000 	C:\Users\GIBAM\.p2\pool\plugins\org.eclipse.justj.openjdk.hotspot.jre.full.win32.x86_64_17.0.1.v20211116-1657\jre\bin\verify.dll
0x00007ffa7ec60000 - 0x00007ffa7ec9b000 	C:\Windows\SYSTEM32\IPHLPAPI.DLL
0x00007ffa81fd0000 - 0x00007ffa81fd8000 	C:\Windows\System32\NSI.dll
0x00007ffa75f40000 - 0x00007ffa75f57000 	C:\Windows\SYSTEM32\dhcpcsvc6.DLL
0x00007ffa76610000 - 0x00007ffa7662d000 	C:\Windows\SYSTEM32\dhcpcsvc.DLL
0x00007ffa7eca0000 - 0x00007ffa7ed6b000 	C:\Windows\SYSTEM32\DNSAPI.dll
0x00007ffa74610000 - 0x00007ffa7461a000 	C:\Windows\System32\rasadhlp.dll
0x00007ffa6f750000 - 0x00007ffa6f7cf000 	C:\Windows\System32\fwpuclnt.dll
0x00007ffa7ff40000 - 0x00007ffa7ff67000 	C:\Windows\System32\bcrypt.dll
0x00007ffa7a9b0000 - 0x00007ffa7a9b9000 	C:\Users\GIBAM\.p2\pool\plugins\org.eclipse.justj.openjdk.hotspot.jre.full.win32.x86_64_17.0.1.v20211116-1657\jre\bin\management.dll
0x00007ffa3aac0000 - 0x00007ffa3aacb000 	C:\Users\GIBAM\.p2\pool\plugins\org.eclipse.justj.openjdk.hotspot.jre.full.win32.x86_64_17.0.1.v20211116-1657\jre\bin\management_ext.dll
0x00007ffa46d80000 - 0x00007ffa46d97000 	C:\Windows\system32\napinsp.dll
0x00007ffa46410000 - 0x00007ffa4642b000 	C:\Windows\system32\pnrpnsp.dll
0x00007ffa7a570000 - 0x00007ffa7a585000 	C:\Windows\system32\wshbth.dll
0x00007ffa7b0f0000 - 0x00007ffa7b10d000 	C:\Windows\system32\NLAapi.dll
0x00007ffa43f20000 - 0x00007ffa43f32000 	C:\Windows\System32\winrnr.dll
0x00007ffa7f1c0000 - 0x00007ffa7f1d8000 	C:\Windows\SYSTEM32\CRYPTSP.dll
0x00007ffa7e8c0000 - 0x00007ffa7e8f4000 	C:\Windows\system32\rsaenh.dll
0x00007ffa7f740000 - 0x00007ffa7f76e000 	C:\Windows\SYSTEM32\USERENV.dll
0x00007ffa7f1e0000 - 0x00007ffa7f1ec000 	C:\Windows\SYSTEM32\CRYPTBASE.dll

dbghelp: loaded successfully - version: 4.0.5 - missing functions: none
symbol engine: initialized successfully - sym options: 0x614 - pdb path: .;C:\Users\GIBAM\.p2\pool\plugins\org.eclipse.justj.openjdk.hotspot.jre.full.win32.x86_64_17.0.1.v20211116-1657\jre\bin;C:\Windows\SYSTEM32;C:\Windows\WinSxS\amd64_microsoft.windows.common-controls_6595b64144ccf1df_6.0.19041.1110_none_60b5254171f9507e;C:\Users\GIBAM\.p2\pool\plugins\org.eclipse.justj.openjdk.hotspot.jre.full.win32.x86_64_17.0.1.v20211116-1657\jre\bin\server

VM Arguments:
jvm_args: -Dfile.encoding=UTF-8 -XX:+ShowCodeDetailsInExceptionMessages 
java_command: com.tutorial.userservice.UserServiceApplication
java_class_path (initial): C:\RETO_BCP\youtube\user-service\target\classes;C:\Users\GIBAM\.m2\repository\org\springframework\boot\spring-boot-starter-data-jpa\2.6.2\spring-boot-starter-data-jpa-2.6.2.jar;C:\Users\GIBAM\.m2\repository\org\springframework\boot\spring-boot-starter-aop\2.6.2\spring-boot-starter-aop-2.6.2.jar;C:\Users\GIBAM\.m2\repository\org\springframework\spring-aop\5.3.14\spring-aop-5.3.14.jar;C:\Users\GIBAM\.m2\repository\org\aspectj\aspectjweaver\1.9.7\aspectjweaver-1.9.7.jar;C:\Users\GIBAM\.m2\repository\org\springframework\boot\spring-boot-starter-jdbc\2.6.2\spring-boot-starter-jdbc-2.6.2.jar;C:\Users\GIBAM\.m2\repository\com\zaxxer\HikariCP\4.0.3\HikariCP-4.0.3.jar;C:\Users\GIBAM\.m2\repository\org\springframework\spring-jdbc\5.3.14\spring-jdbc-5.3.14.jar;C:\Users\GIBAM\.m2\repository\jakarta\transaction\jakarta.transaction-api\1.3.3\jakarta.transaction-api-1.3.3.jar;C:\Users\GIBAM\.m2\repository\jakarta\persistence\jakarta.persistence-api\2.2.3\jakarta.persistence-api-2.2.3.jar;C:\Users\GIBAM\.m2\repository\org\hibernate\hibernate-core\5.6.3.Final\hibernate-core-5.6.3.Final.jar;C:\Users\GIBAM\.m2\repository\org\jboss\logging\jboss-logging\3.4.2.Final\jboss-logging-3.4.2.Final.jar;C:\Users\GIBAM\.m2\repository\net\bytebuddy\byte-buddy\1.11.22\byte-buddy-1.11.22.jar;C:\Users\GIBAM\.m2\repository\antlr\antlr\2.7.7\antlr-2.7.7.jar;C:\Users\GIBAM\.m2\repository\org\jboss\jandex\2.2.3.Final\jandex-2.2.3.Final.jar;C:\Users\GIBAM\.m2\repository\com\fasterxml\classmate\1.5.1\classmate-1.5.1.jar;C:\Users\GIBAM\.m2\repository\org\hibernate\common\hibernate-commons-annotations\5.1.2.Final\hibernate-commons-annotations-5.1.2.Final.jar;C:\Users\GIBAM\.m2\repository\org\glassfish\jaxb\jaxb-runtime\2.3.5\jaxb-runtime-2.3.5.jar;C:\Users\GIBAM\.m2\repository\org\glassfish\jaxb\txw2\2.3.5\txw2-2.3.5.jar;C:\Users\GIBAM\.m2\repository\com\sun\istack\istack-commons-runtime\3.0.12\istack-commons-runtime-3.0.12.jar;C:\Users\GIBAM\.m2\repository\com\sun\activation\ja
Launcher Type: SUN_STANDARD

[Global flags]
     intx CICompilerCount                          = 4                                         {product} {ergonomic}
     uint ConcGCThreads                            = 3                                         {product} {ergonomic}
     uint G1ConcRefinementThreads                  = 10                                        {product} {ergonomic}
   size_t G1HeapRegionSize                         = 1048576                                   {product} {ergonomic}
    uintx GCDrainStackTargetSize                   = 64                                        {product} {ergonomic}
   size_t InitialHeapSize                          = 132120576                                 {product} {ergonomic}
   size_t MarkStackSize                            = 4194304                                   {product} {ergonomic}
   size_t MaxHeapSize                              = 2103443456                                {product} {ergonomic}
   size_t MaxNewSize                               = 1261436928                                {product} {ergonomic}
   size_t MinHeapDeltaBytes                        = 1048576                                   {product} {ergonomic}
   size_t MinHeapSize                              = 8388608                                   {product} {ergonomic}
    uintx NonNMethodCodeHeapSize                   = 5839372                                {pd product} {ergonomic}
    uintx NonProfiledCodeHeapSize                  = 122909434                              {pd product} {ergonomic}
    uintx ProfiledCodeHeapSize                     = 122909434                              {pd product} {ergonomic}
    uintx ReservedCodeCacheSize                    = 251658240                              {pd product} {ergonomic}
     bool SegmentedCodeCache                       = true                                      {product} {ergonomic}
     bool ShowCodeDetailsInExceptionMessages       = true                                   {manageable} {command line}
   size_t SoftMaxHeapSize                          = 2103443456                             {manageable} {ergonomic}
     bool UseCompressedClassPointers               = true                           {product lp64_product} {ergonomic}
     bool UseCompressedOops                        = true                           {product lp64_product} {ergonomic}
     bool UseG1GC                                  = true                                      {product} {ergonomic}
     bool UseLargePagesIndividualAllocation        = false                                  {pd product} {ergonomic}

Logging:
Log output configuration:
 #0: stdout all=warning uptime,level,tags
 #1: stderr all=off uptime,level,tags

Environment Variables:
PATH=C:/Users/GIBAM/.p2/pool/plugins/org.eclipse.justj.openjdk.hotspot.jre.full.win32.x86_64_17.0.1.v20211116-1657/jre/bin/server;C:/Users/GIBAM/.p2/pool/plugins/org.eclipse.justj.openjdk.hotspot.jre.full.win32.x86_64_17.0.1.v20211116-1657/jre/bin;C:\Program Files\Common Files\Oracle\Java\javapath;C:\ProgramData\Oracle\Java\javapath;C:\Windows\system32;C:\Windows;C:\Windows\System32\Wbem;C:\Windows\System32\WindowsPowerShell\v1.0\;C:\Windows\System32\OpenSSH\;C:\Program Files (x86)\NVIDIA Corporation\PhysX\Common;C:\Program Files\NVIDIA Corporation\NVIDIA NvDLISR;C:\Program Files (x86)\WinMerge;C:\Program Files\Microsoft SQL Server\Client SDK\ODBC\170\Tools\Binn\;C:\Program Files (x86)\Microsoft SQL Server\150\Tools\Binn\;C:\Program Files\Microsoft SQL Server\150\Tools\Binn\;C:\Program Files\Microsoft SQL Server\150\DTS\Binn\;C:\Program Files (x86)\Microsoft SQL Server\150\DTS\Binn\;C:\Program Files\Azure Data Studio\bin;C:\Program Files\Microsoft SQL Server\130\Tools\Binn\;C:\Program Files\dotnet\;C:\Program Files\Java\jdk-11.0.11;C:\zGian\Microservices_EscuelaT\Tools\apache-maven-3.8.1\bin;;C:\Program Files\Docker\Docker\resources\bin;C:\ProgramData\DockerDesktop\version-bin;C:\Users\GIBAM\AppData\Local\Programs\Python\Python310\Scripts\;C:\Users\GIBAM\AppData\Local\Programs\Python\Python310\;C:\Users\GIBAM\AppData\Local\Microsoft\WindowsApps;;C:\Program Files\Azure Data Studio\bin;C:\Users\GIBAM\.dotnet\tools;C:\Users\GIBAM\AppData\Local\Programs\Microsoft VS Code\bin;C:\Windows\system32;
USERNAME=Gian
OS=Windows_NT
PROCESSOR_IDENTIFIER=Intel64 Family 6 Model 165 Stepping 2, GenuineIntel



---------------  S Y S T E M  ---------------

OS:
 Windows 10 , 64 bit Build 19041 (10.0.19041.1348)
OS uptime: 9 days 3:57 hours
Hyper-V role detected

CPU: total 12 (initial active 12) (6 cores per cpu, 2 threads per core) family 6 model 165 stepping 2 microcode 0xe2, cx8, cmov, fxsr, ht, mmx, 3dnowpref, sse, sse2, sse3, ssse3, sse4.1, sse4.2, popcnt, lzcnt, tsc, tscinvbit, avx, avx2, aes, erms, clmul, bmi1, bmi2, adx, fma, vzeroupper, clflush, clflushopt, hv

Memory: 4k page, system-wide physical 8023M (89M free)
TotalPageFile size 32599M (AvailPageFile size 4M)
current process WorkingSet (physical memory assigned to process): 230M, peak: 230M
current process commit charge ("private bytes"): 269M, peak: 270M

vm_info: OpenJDK 64-Bit Server VM (17.0.1+12) for windows-amd64 JRE (17.0.1+12), built on Oct 20 2021 07:42:55 by "" with MS VC++ 16.7 (VS2019)

END.
