#
# There is insufficient memory for the Java Runtime Environment to continue.
# Native memory allocation (malloc) failed to allocate 1086256 bytes for Chunk::new
# Possible reasons:
#   The system is out of physical RAM or swap space
#   The process is running with CompressedOops enabled, and the Java Heap may be blocking the growth of the native heap
# Possible solutions:
#   Reduce memory load on the system
#   Increase physical memory or swap space
#   Check if swap backing store is full
#   Decrease Java heap size (-Xmx/-Xms)
#   Decrease number of Java threads
#   Decrease Java thread stack sizes (-Xss)
#   Set larger code cache with -XX:ReservedCodeCacheSize=
#   JVM is running with Unscaled Compressed Oops mode in which the Java heap is
#     placed in the first 4GB address space. The Java Heap base address is the
#     maximum limit for the native heap growth. Please use -XX:HeapBaseMinAddress
#     to set the Java Heap base and to place the Java Heap above 4GB virtual address.
# This output file may be truncated or incomplete.
#
#  Out of Memory Error (arena.cpp:189), pid=24436, tid=20948
#
# JRE version: OpenJDK Runtime Environment Temurin-17.0.1+12 (17.0.1+12) (build 17.0.1+12)
# Java VM: OpenJDK 64-Bit Server VM Temurin-17.0.1+12 (17.0.1+12, mixed mode, tiered, compressed oops, compressed class ptrs, g1 gc, windows-amd64)
# No core dump will be written. Minidumps are not enabled by default on client versions of Windows
#

---------------  S U M M A R Y ------------

Command Line: -Dfile.encoding=UTF-8 -XX:+ShowCodeDetailsInExceptionMessages com.tutorial.userservice.UserServiceApplication

Host: Intel(R) Core(TM) i7-10750H CPU @ 2.60GHz, 12 cores, 7G,  Windows 10 , 64 bit Build 19041 (10.0.19041.1348)
Time: Wed Dec 29 06:04:29 2021 Hora est. Pacífico, Sudamérica elapsed time: 0.778123 seconds (0d 0h 0m 0s)

---------------  T H R E A D  ---------------

Current thread (0x000001e454011650):  JavaThread "C2 CompilerThread0" daemon [_thread_in_native, id=20948, stack(0x0000009138e00000,0x0000009138f00000)]


Current CompileTask:
C2:    778 1200       4       org.springframework.boot.context.properties.source.ConfigurationPropertyName$ElementsParser::parse (234 bytes)

Stack: [0x0000009138e00000,0x0000009138f00000]
Native frames: (J=compiled Java code, j=interpreted, Vv=VM code, C=native code)
V  [jvm.dll+0x6744da]
V  [jvm.dll+0x82e144]
V  [jvm.dll+0x82f8ee]
V  [jvm.dll+0x82ff53]
V  [jvm.dll+0x245175]
V  [jvm.dll+0xab85b]
V  [jvm.dll+0xabdec]
V  [jvm.dll+0x362eb2]
V  [jvm.dll+0x32d4c1]
V  [jvm.dll+0x32c96a]
V  [jvm.dll+0x218031]
V  [jvm.dll+0x217451]
V  [jvm.dll+0x1a355d]
V  [jvm.dll+0x226e38]
V  [jvm.dll+0x224f7c]
V  [jvm.dll+0x7e3f5b]
V  [jvm.dll+0x7de51a]
V  [jvm.dll+0x673305]
C  [ucrtbase.dll+0x21bb2]
C  [KERNEL32.DLL+0x17034]
C  [ntdll.dll+0x52651]


---------------  P R O C E S S  ---------------

Threads class SMR info:
_java_thread_list=0x000001e455896040, length=12, elements={
0x000001e43927b830, 0x000001e453577ac0, 0x000001e453578930, 0x000001e4535c6530,
0x000001e45401a560, 0x000001e45400c090, 0x000001e454010560, 0x000001e454011650,
0x000001e454024e50, 0x000001e45402ef30, 0x000001e454185b10, 0x000001e454193e60
}

Java Threads: ( => current thread )
  0x000001e43927b830 JavaThread "main" [_thread_in_native, id=25440, stack(0x0000009138100000,0x0000009138200000)]
  0x000001e453577ac0 JavaThread "Reference Handler" daemon [_thread_blocked, id=24368, stack(0x0000009138800000,0x0000009138900000)]
  0x000001e453578930 JavaThread "Finalizer" daemon [_thread_blocked, id=21228, stack(0x0000009138900000,0x0000009138a00000)]
  0x000001e4535c6530 JavaThread "Signal Dispatcher" daemon [_thread_blocked, id=22352, stack(0x0000009138a00000,0x0000009138b00000)]
  0x000001e45401a560 JavaThread "Attach Listener" daemon [_thread_blocked, id=10624, stack(0x0000009138b00000,0x0000009138c00000)]
  0x000001e45400c090 JavaThread "Service Thread" daemon [_thread_blocked, id=3192, stack(0x0000009138c00000,0x0000009138d00000)]
  0x000001e454010560 JavaThread "Monitor Deflation Thread" daemon [_thread_blocked, id=5364, stack(0x0000009138d00000,0x0000009138e00000)]
=>0x000001e454011650 JavaThread "C2 CompilerThread0" daemon [_thread_in_native, id=20948, stack(0x0000009138e00000,0x0000009138f00000)]
  0x000001e454024e50 JavaThread "C1 CompilerThread0" daemon [_thread_blocked, id=23876, stack(0x0000009138f00000,0x0000009139000000)]
  0x000001e45402ef30 JavaThread "Sweeper thread" daemon [_thread_blocked, id=14728, stack(0x0000009139000000,0x0000009139100000)]
  0x000001e454185b10 JavaThread "Notification Thread" daemon [_thread_blocked, id=15140, stack(0x0000009139100000,0x0000009139200000)]
  0x000001e454193e60 JavaThread "Common-Cleaner" daemon [_thread_blocked, id=14268, stack(0x0000009139300000,0x0000009139400000)]

Other Threads:
  0x000001e453597870 VMThread "VM Thread" [stack: 0x0000009138700000,0x0000009138800000] [id=20556]
  0x000001e454186a00 WatcherThread [stack: 0x0000009139200000,0x0000009139300000] [id=20312]
  0x000001e4392bb510 GCTaskThread "GC Thread#0" [stack: 0x0000009138200000,0x0000009138300000] [id=5144]
  0x000001e45585db20 GCTaskThread "GC Thread#1" [stack: 0x0000009139400000,0x0000009139500000] [id=22992]
  0x000001e4546cb3a0 GCTaskThread "GC Thread#2" [stack: 0x0000009139500000,0x0000009139600000] [id=22636]
  0x000001e4558b9f30 GCTaskThread "GC Thread#3" [stack: 0x0000009139600000,0x0000009139700000] [id=15888]
  0x000001e454b458e0 GCTaskThread "GC Thread#4" [stack: 0x0000009139700000,0x0000009139800000] [id=956]
  0x000001e4558c7830 GCTaskThread "GC Thread#5" [stack: 0x0000009139800000,0x0000009139900000] [id=16920]
  0x000001e4392cd6c0 ConcurrentGCThread "G1 Main Marker" [stack: 0x0000009138300000,0x0000009138400000] [id=10368]
  0x000001e4392ce0d0 ConcurrentGCThread "G1 Conc#0" [stack: 0x0000009138400000,0x0000009138500000] [id=17872]
  0x000001e4533e20a0 ConcurrentGCThread "G1 Refine#0" [stack: 0x0000009138500000,0x0000009138600000] [id=9020]
  0x000001e4533e28d0 ConcurrentGCThread "G1 Service" [stack: 0x0000009138600000,0x0000009138700000] [id=23040]

Threads with active compile tasks:
C2 CompilerThread0      800 1200       4       org.springframework.boot.context.properties.source.ConfigurationPropertyName$ElementsParser::parse (234 bytes)

VM state: not at safepoint (normal execution)

VM Mutex/Monitor currently owned by a thread: None

Heap address: 0x0000000082a00000, size: 2006 MB, Compressed Oops mode: 32-bit

CDS archive(s) not mapped
Compressed class space mapped at: 0x0000000100000000-0x0000000140000000, reserved size: 1073741824
Narrow klass base: 0x0000000000000000, Narrow klass shift: 3, Narrow klass range: 0x140000000

GC Precious Log:
 CPUs: 12 total, 12 available
 Memory: 8023M
 Large Page Support: Disabled
 NUMA Support: Disabled
 Compressed Oops: Enabled (32-bit)
 Heap Region Size: 1M
 Heap Min Capacity: 8M
 Heap Initial Capacity: 126M
 Heap Max Capacity: 2006M
 Pre-touch: Disabled
 Parallel Workers: 10
 Concurrent Workers: 3
 Concurrent Refinement Workers: 10
 Periodic GC: Disabled

Heap:
 garbage-first heap   total 129024K, used 18645K [0x0000000082a00000, 0x0000000100000000)
  region size 1024K, 15 young (15360K), 3 survivors (3072K)
 Metaspace       used 15601K, committed 15808K, reserved 1064960K
  class space    used 1603K, committed 1728K, reserved 1048576K

Heap Regions: E=young(eden), S=young(survivor), O=old, HS=humongous(starts), HC=humongous(continues), CS=collection set, F=free, OA=open archive, CA=closed archive, TAMS=top-at-mark-start (previous, next)
|   0|0x0000000082a00000, 0x0000000082b00000, 0x0000000082b00000|100%|HS|  |TAMS 0x0000000082a00000, 0x0000000082a00000| Complete 
|   1|0x0000000082b00000, 0x0000000082b00000, 0x0000000082c00000|  0%| F|  |TAMS 0x0000000082b00000, 0x0000000082b00000| Untracked 
|   2|0x0000000082c00000, 0x0000000082d00000, 0x0000000082d00000|100%| O|  |TAMS 0x0000000082c00000, 0x0000000082c00000| Untracked 
|   3|0x0000000082d00000, 0x0000000082e00000, 0x0000000082e00000|100%| O|  |TAMS 0x0000000082d00000, 0x0000000082d00000| Untracked 
|   4|0x0000000082e00000, 0x0000000082f00000, 0x0000000082f00000|100%| O|  |TAMS 0x0000000082e00000, 0x0000000082e00000| Untracked 
|   5|0x0000000082f00000, 0x0000000082f35600, 0x0000000083000000| 20%| O|  |TAMS 0x0000000082f00000, 0x0000000082f00000| Untracked 
|   6|0x0000000083000000, 0x0000000083000000, 0x0000000083100000|  0%| F|  |TAMS 0x0000000083000000, 0x0000000083000000| Untracked 
|   7|0x0000000083100000, 0x0000000083100000, 0x0000000083200000|  0%| F|  |TAMS 0x0000000083100000, 0x0000000083100000| Untracked 
|   8|0x0000000083200000, 0x0000000083200000, 0x0000000083300000|  0%| F|  |TAMS 0x0000000083200000, 0x0000000083200000| Untracked 
|   9|0x0000000083300000, 0x0000000083300000, 0x0000000083400000|  0%| F|  |TAMS 0x0000000083300000, 0x0000000083300000| Untracked 
|  10|0x0000000083400000, 0x0000000083400000, 0x0000000083500000|  0%| F|  |TAMS 0x0000000083400000, 0x0000000083400000| Untracked 
|  11|0x0000000083500000, 0x0000000083500000, 0x0000000083600000|  0%| F|  |TAMS 0x0000000083500000, 0x0000000083500000| Untracked 
|  12|0x0000000083600000, 0x0000000083600000, 0x0000000083700000|  0%| F|  |TAMS 0x0000000083600000, 0x0000000083600000| Untracked 
|  13|0x0000000083700000, 0x0000000083700000, 0x0000000083800000|  0%| F|  |TAMS 0x0000000083700000, 0x0000000083700000| Untracked 
|  14|0x0000000083800000, 0x0000000083800000, 0x0000000083900000|  0%| F|  |TAMS 0x0000000083800000, 0x0000000083800000| Untracked 
|  15|0x0000000083900000, 0x0000000083900000, 0x0000000083a00000|  0%| F|  |TAMS 0x0000000083900000, 0x0000000083900000| Untracked 
|  16|0x0000000083a00000, 0x0000000083a00000, 0x0000000083b00000|  0%| F|  |TAMS 0x0000000083a00000, 0x0000000083a00000| Untracked 
|  17|0x0000000083b00000, 0x0000000083b00000, 0x0000000083c00000|  0%| F|  |TAMS 0x0000000083b00000, 0x0000000083b00000| Untracked 
|  18|0x0000000083c00000, 0x0000000083c00000, 0x0000000083d00000|  0%| F|  |TAMS 0x0000000083c00000, 0x0000000083c00000| Untracked 
|  19|0x0000000083d00000, 0x0000000083d00000, 0x0000000083e00000|  0%| F|  |TAMS 0x0000000083d00000, 0x0000000083d00000| Untracked 
|  20|0x0000000083e00000, 0x0000000083e00000, 0x0000000083f00000|  0%| F|  |TAMS 0x0000000083e00000, 0x0000000083e00000| Untracked 
|  21|0x0000000083f00000, 0x0000000083f00000, 0x0000000084000000|  0%| F|  |TAMS 0x0000000083f00000, 0x0000000083f00000| Untracked 
|  22|0x0000000084000000, 0x0000000084000000, 0x0000000084100000|  0%| F|  |TAMS 0x0000000084000000, 0x0000000084000000| Untracked 
|  23|0x0000000084100000, 0x0000000084100000, 0x0000000084200000|  0%| F|  |TAMS 0x0000000084100000, 0x0000000084100000| Untracked 
|  24|0x0000000084200000, 0x0000000084200000, 0x0000000084300000|  0%| F|  |TAMS 0x0000000084200000, 0x0000000084200000| Untracked 
|  25|0x0000000084300000, 0x0000000084300000, 0x0000000084400000|  0%| F|  |TAMS 0x0000000084300000, 0x0000000084300000| Untracked 
|  26|0x0000000084400000, 0x0000000084400000, 0x0000000084500000|  0%| F|  |TAMS 0x0000000084400000, 0x0000000084400000| Untracked 
|  27|0x0000000084500000, 0x0000000084500000, 0x0000000084600000|  0%| F|  |TAMS 0x0000000084500000, 0x0000000084500000| Untracked 
|  28|0x0000000084600000, 0x0000000084600000, 0x0000000084700000|  0%| F|  |TAMS 0x0000000084600000, 0x0000000084600000| Untracked 
|  29|0x0000000084700000, 0x0000000084700000, 0x0000000084800000|  0%| F|  |TAMS 0x0000000084700000, 0x0000000084700000| Untracked 
|  30|0x0000000084800000, 0x0000000084800000, 0x0000000084900000|  0%| F|  |TAMS 0x0000000084800000, 0x0000000084800000| Untracked 
|  31|0x0000000084900000, 0x0000000084900000, 0x0000000084a00000|  0%| F|  |TAMS 0x0000000084900000, 0x0000000084900000| Untracked 
|  32|0x0000000084a00000, 0x0000000084a00000, 0x0000000084b00000|  0%| F|  |TAMS 0x0000000084a00000, 0x0000000084a00000| Untracked 
|  33|0x0000000084b00000, 0x0000000084b00000, 0x0000000084c00000|  0%| F|  |TAMS 0x0000000084b00000, 0x0000000084b00000| Untracked 
|  34|0x0000000084c00000, 0x0000000084c00000, 0x0000000084d00000|  0%| F|  |TAMS 0x0000000084c00000, 0x0000000084c00000| Untracked 
|  35|0x0000000084d00000, 0x0000000084d00000, 0x0000000084e00000|  0%| F|  |TAMS 0x0000000084d00000, 0x0000000084d00000| Untracked 
|  36|0x0000000084e00000, 0x0000000084e00000, 0x0000000084f00000|  0%| F|  |TAMS 0x0000000084e00000, 0x0000000084e00000| Untracked 
|  37|0x0000000084f00000, 0x0000000084f00000, 0x0000000085000000|  0%| F|  |TAMS 0x0000000084f00000, 0x0000000084f00000| Untracked 
|  38|0x0000000085000000, 0x0000000085000000, 0x0000000085100000|  0%| F|  |TAMS 0x0000000085000000, 0x0000000085000000| Untracked 
|  39|0x0000000085100000, 0x0000000085100000, 0x0000000085200000|  0%| F|  |TAMS 0x0000000085100000, 0x0000000085100000| Untracked 
|  40|0x0000000085200000, 0x0000000085200000, 0x0000000085300000|  0%| F|  |TAMS 0x0000000085200000, 0x0000000085200000| Untracked 
|  41|0x0000000085300000, 0x0000000085300000, 0x0000000085400000|  0%| F|  |TAMS 0x0000000085300000, 0x0000000085300000| Untracked 
|  42|0x0000000085400000, 0x0000000085400000, 0x0000000085500000|  0%| F|  |TAMS 0x0000000085400000, 0x0000000085400000| Untracked 
|  43|0x0000000085500000, 0x0000000085500000, 0x0000000085600000|  0%| F|  |TAMS 0x0000000085500000, 0x0000000085500000| Untracked 
|  44|0x0000000085600000, 0x0000000085600000, 0x0000000085700000|  0%| F|  |TAMS 0x0000000085600000, 0x0000000085600000| Untracked 
|  45|0x0000000085700000, 0x0000000085700000, 0x0000000085800000|  0%| F|  |TAMS 0x0000000085700000, 0x0000000085700000| Untracked 
|  46|0x0000000085800000, 0x0000000085800000, 0x0000000085900000|  0%| F|  |TAMS 0x0000000085800000, 0x0000000085800000| Untracked 
|  47|0x0000000085900000, 0x0000000085900000, 0x0000000085a00000|  0%| F|  |TAMS 0x0000000085900000, 0x0000000085900000| Untracked 
|  48|0x0000000085a00000, 0x0000000085a00000, 0x0000000085b00000|  0%| F|  |TAMS 0x0000000085a00000, 0x0000000085a00000| Untracked 
|  49|0x0000000085b00000, 0x0000000085b00000, 0x0000000085c00000|  0%| F|  |TAMS 0x0000000085b00000, 0x0000000085b00000| Untracked 
|  50|0x0000000085c00000, 0x0000000085c00000, 0x0000000085d00000|  0%| F|  |TAMS 0x0000000085c00000, 0x0000000085c00000| Untracked 
|  51|0x0000000085d00000, 0x0000000085d00000, 0x0000000085e00000|  0%| F|  |TAMS 0x0000000085d00000, 0x0000000085d00000| Untracked 
|  52|0x0000000085e00000, 0x0000000085e00000, 0x0000000085f00000|  0%| F|  |TAMS 0x0000000085e00000, 0x0000000085e00000| Untracked 
|  53|0x0000000085f00000, 0x0000000085f00000, 0x0000000086000000|  0%| F|  |TAMS 0x0000000085f00000, 0x0000000085f00000| Untracked 
|  54|0x0000000086000000, 0x0000000086000000, 0x0000000086100000|  0%| F|  |TAMS 0x0000000086000000, 0x0000000086000000| Untracked 
|  55|0x0000000086100000, 0x0000000086100000, 0x0000000086200000|  0%| F|  |TAMS 0x0000000086100000, 0x0000000086100000| Untracked 
|  56|0x0000000086200000, 0x0000000086200000, 0x0000000086300000|  0%| F|  |TAMS 0x0000000086200000, 0x0000000086200000| Untracked 
|  57|0x0000000086300000, 0x0000000086300000, 0x0000000086400000|  0%| F|  |TAMS 0x0000000086300000, 0x0000000086300000| Untracked 
|  58|0x0000000086400000, 0x0000000086400000, 0x0000000086500000|  0%| F|  |TAMS 0x0000000086400000, 0x0000000086400000| Untracked 
|  59|0x0000000086500000, 0x0000000086500000, 0x0000000086600000|  0%| F|  |TAMS 0x0000000086500000, 0x0000000086500000| Untracked 
|  60|0x0000000086600000, 0x0000000086600000, 0x0000000086700000|  0%| F|  |TAMS 0x0000000086600000, 0x0000000086600000| Untracked 
|  61|0x0000000086700000, 0x0000000086700000, 0x0000000086800000|  0%| F|  |TAMS 0x0000000086700000, 0x0000000086700000| Untracked 
|  62|0x0000000086800000, 0x0000000086800000, 0x0000000086900000|  0%| F|  |TAMS 0x0000000086800000, 0x0000000086800000| Untracked 
|  63|0x0000000086900000, 0x0000000086900000, 0x0000000086a00000|  0%| F|  |TAMS 0x0000000086900000, 0x0000000086900000| Untracked 
|  64|0x0000000086a00000, 0x0000000086a00000, 0x0000000086b00000|  0%| F|  |TAMS 0x0000000086a00000, 0x0000000086a00000| Untracked 
|  65|0x0000000086b00000, 0x0000000086b00000, 0x0000000086c00000|  0%| F|  |TAMS 0x0000000086b00000, 0x0000000086b00000| Untracked 
|  66|0x0000000086c00000, 0x0000000086c00000, 0x0000000086d00000|  0%| F|  |TAMS 0x0000000086c00000, 0x0000000086c00000| Untracked 
|  67|0x0000000086d00000, 0x0000000086d00000, 0x0000000086e00000|  0%| F|  |TAMS 0x0000000086d00000, 0x0000000086d00000| Untracked 
|  68|0x0000000086e00000, 0x0000000086e00000, 0x0000000086f00000|  0%| F|  |TAMS 0x0000000086e00000, 0x0000000086e00000| Untracked 
|  69|0x0000000086f00000, 0x0000000086f00000, 0x0000000087000000|  0%| F|  |TAMS 0x0000000086f00000, 0x0000000086f00000| Untracked 
|  70|0x0000000087000000, 0x0000000087000000, 0x0000000087100000|  0%| F|  |TAMS 0x0000000087000000, 0x0000000087000000| Untracked 
|  71|0x0000000087100000, 0x0000000087100000, 0x0000000087200000|  0%| F|  |TAMS 0x0000000087100000, 0x0000000087100000| Untracked 
|  72|0x0000000087200000, 0x0000000087200000, 0x0000000087300000|  0%| F|  |TAMS 0x0000000087200000, 0x0000000087200000| Untracked 
|  73|0x0000000087300000, 0x0000000087300000, 0x0000000087400000|  0%| F|  |TAMS 0x0000000087300000, 0x0000000087300000| Untracked 
|  74|0x0000000087400000, 0x0000000087400000, 0x0000000087500000|  0%| F|  |TAMS 0x0000000087400000, 0x0000000087400000| Untracked 
|  75|0x0000000087500000, 0x0000000087500000, 0x0000000087600000|  0%| F|  |TAMS 0x0000000087500000, 0x0000000087500000| Untracked 
|  76|0x0000000087600000, 0x0000000087600000, 0x0000000087700000|  0%| F|  |TAMS 0x0000000087600000, 0x0000000087600000| Untracked 
|  77|0x0000000087700000, 0x0000000087700000, 0x0000000087800000|  0%| F|  |TAMS 0x0000000087700000, 0x0000000087700000| Untracked 
|  78|0x0000000087800000, 0x0000000087800000, 0x0000000087900000|  0%| F|  |TAMS 0x0000000087800000, 0x0000000087800000| Untracked 
|  79|0x0000000087900000, 0x0000000087900000, 0x0000000087a00000|  0%| F|  |TAMS 0x0000000087900000, 0x0000000087900000| Untracked 
|  80|0x0000000087a00000, 0x0000000087a00000, 0x0000000087b00000|  0%| F|  |TAMS 0x0000000087a00000, 0x0000000087a00000| Untracked 
|  81|0x0000000087b00000, 0x0000000087b00000, 0x0000000087c00000|  0%| F|  |TAMS 0x0000000087b00000, 0x0000000087b00000| Untracked 
|  82|0x0000000087c00000, 0x0000000087c00000, 0x0000000087d00000|  0%| F|  |TAMS 0x0000000087c00000, 0x0000000087c00000| Untracked 
|  83|0x0000000087d00000, 0x0000000087d00000, 0x0000000087e00000|  0%| F|  |TAMS 0x0000000087d00000, 0x0000000087d00000| Untracked 
|  84|0x0000000087e00000, 0x0000000087e00000, 0x0000000087f00000|  0%| F|  |TAMS 0x0000000087e00000, 0x0000000087e00000| Untracked 
|  85|0x0000000087f00000, 0x0000000087f00000, 0x0000000088000000|  0%| F|  |TAMS 0x0000000087f00000, 0x0000000087f00000| Untracked 
|  86|0x0000000088000000, 0x0000000088000000, 0x0000000088100000|  0%| F|  |TAMS 0x0000000088000000, 0x0000000088000000| Untracked 
|  87|0x0000000088100000, 0x0000000088100000, 0x0000000088200000|  0%| F|  |TAMS 0x0000000088100000, 0x0000000088100000| Untracked 
|  88|0x0000000088200000, 0x0000000088200000, 0x0000000088300000|  0%| F|  |TAMS 0x0000000088200000, 0x0000000088200000| Untracked 
|  89|0x0000000088300000, 0x0000000088300000, 0x0000000088400000|  0%| F|  |TAMS 0x0000000088300000, 0x0000000088300000| Untracked 
|  90|0x0000000088400000, 0x0000000088400000, 0x0000000088500000|  0%| F|  |TAMS 0x0000000088400000, 0x0000000088400000| Untracked 
|  91|0x0000000088500000, 0x0000000088500000, 0x0000000088600000|  0%| F|  |TAMS 0x0000000088500000, 0x0000000088500000| Untracked 
|  92|0x0000000088600000, 0x0000000088600000, 0x0000000088700000|  0%| F|  |TAMS 0x0000000088600000, 0x0000000088600000| Untracked 
|  93|0x0000000088700000, 0x0000000088700000, 0x0000000088800000|  0%| F|  |TAMS 0x0000000088700000, 0x0000000088700000| Untracked 
|  94|0x0000000088800000, 0x0000000088800000, 0x0000000088900000|  0%| F|  |TAMS 0x0000000088800000, 0x0000000088800000| Untracked 
|  95|0x0000000088900000, 0x0000000088900000, 0x0000000088a00000|  0%| F|  |TAMS 0x0000000088900000, 0x0000000088900000| Untracked 
|  96|0x0000000088a00000, 0x0000000088a00000, 0x0000000088b00000|  0%| F|  |TAMS 0x0000000088a00000, 0x0000000088a00000| Untracked 
|  97|0x0000000088b00000, 0x0000000088b00000, 0x0000000088c00000|  0%| F|  |TAMS 0x0000000088b00000, 0x0000000088b00000| Untracked 
|  98|0x0000000088c00000, 0x0000000088c00000, 0x0000000088d00000|  0%| F|  |TAMS 0x0000000088c00000, 0x0000000088c00000| Untracked 
|  99|0x0000000088d00000, 0x0000000088d00000, 0x0000000088e00000|  0%| F|  |TAMS 0x0000000088d00000, 0x0000000088d00000| Untracked 
| 100|0x0000000088e00000, 0x0000000088f00000, 0x0000000088f00000|100%| S|CS|TAMS 0x0000000088e00000, 0x0000000088e00000| Complete 
| 101|0x0000000088f00000, 0x0000000089000000, 0x0000000089000000|100%| S|CS|TAMS 0x0000000088f00000, 0x0000000088f00000| Complete 
| 102|0x0000000089000000, 0x0000000089100000, 0x0000000089100000|100%| S|CS|TAMS 0x0000000089000000, 0x0000000089000000| Complete 
| 103|0x0000000089100000, 0x0000000089100000, 0x0000000089200000|  0%| F|  |TAMS 0x0000000089100000, 0x0000000089100000| Untracked 
| 104|0x0000000089200000, 0x0000000089200000, 0x0000000089300000|  0%| F|  |TAMS 0x0000000089200000, 0x0000000089200000| Untracked 
| 105|0x0000000089300000, 0x0000000089300000, 0x0000000089400000|  0%| F|  |TAMS 0x0000000089300000, 0x0000000089300000| Untracked 
| 106|0x0000000089400000, 0x0000000089400000, 0x0000000089500000|  0%| F|  |TAMS 0x0000000089400000, 0x0000000089400000| Untracked 
| 107|0x0000000089500000, 0x0000000089500000, 0x0000000089600000|  0%| F|  |TAMS 0x0000000089500000, 0x0000000089500000| Untracked 
| 108|0x0000000089600000, 0x0000000089600000, 0x0000000089700000|  0%| F|  |TAMS 0x0000000089600000, 0x0000000089600000| Untracked 
| 109|0x0000000089700000, 0x0000000089700000, 0x0000000089800000|  0%| F|  |TAMS 0x0000000089700000, 0x0000000089700000| Untracked 
| 110|0x0000000089800000, 0x0000000089800000, 0x0000000089900000|  0%| F|  |TAMS 0x0000000089800000, 0x0000000089800000| Untracked 
| 111|0x0000000089900000, 0x0000000089900000, 0x0000000089a00000|  0%| F|  |TAMS 0x0000000089900000, 0x0000000089900000| Untracked 
| 112|0x0000000089a00000, 0x0000000089a00000, 0x0000000089b00000|  0%| F|  |TAMS 0x0000000089a00000, 0x0000000089a00000| Untracked 
| 113|0x0000000089b00000, 0x0000000089b00000, 0x0000000089c00000|  0%| F|  |TAMS 0x0000000089b00000, 0x0000000089b00000| Untracked 
| 114|0x0000000089c00000, 0x0000000089c859d8, 0x0000000089d00000| 52%| E|  |TAMS 0x0000000089c00000, 0x0000000089c00000| Complete 
| 115|0x0000000089d00000, 0x0000000089e00000, 0x0000000089e00000|100%| E|CS|TAMS 0x0000000089d00000, 0x0000000089d00000| Complete 
| 116|0x0000000089e00000, 0x0000000089f00000, 0x0000000089f00000|100%| E|CS|TAMS 0x0000000089e00000, 0x0000000089e00000| Complete 
| 117|0x0000000089f00000, 0x000000008a000000, 0x000000008a000000|100%| E|CS|TAMS 0x0000000089f00000, 0x0000000089f00000| Complete 
| 118|0x000000008a000000, 0x000000008a100000, 0x000000008a100000|100%| E|CS|TAMS 0x000000008a000000, 0x000000008a000000| Complete 
| 119|0x000000008a100000, 0x000000008a200000, 0x000000008a200000|100%| E|CS|TAMS 0x000000008a100000, 0x000000008a100000| Complete 
| 120|0x000000008a200000, 0x000000008a300000, 0x000000008a300000|100%| E|CS|TAMS 0x000000008a200000, 0x000000008a200000| Complete 
| 121|0x000000008a300000, 0x000000008a400000, 0x000000008a400000|100%| E|CS|TAMS 0x000000008a300000, 0x000000008a300000| Complete 
| 122|0x000000008a400000, 0x000000008a500000, 0x000000008a500000|100%| E|CS|TAMS 0x000000008a400000, 0x000000008a400000| Complete 
| 123|0x000000008a500000, 0x000000008a600000, 0x000000008a600000|100%| E|CS|TAMS 0x000000008a500000, 0x000000008a500000| Complete 
| 124|0x000000008a600000, 0x000000008a700000, 0x000000008a700000|100%| E|CS|TAMS 0x000000008a600000, 0x000000008a600000| Complete 
| 125|0x000000008a700000, 0x000000008a800000, 0x000000008a800000|100%| E|CS|TAMS 0x000000008a700000, 0x000000008a700000| Complete 

Card table byte_map: [0x000001e44c270000,0x000001e44c660000] _byte_map_base: 0x000001e44be5b000

Marking Bits (Prev, Next): (CMBitMap*) 0x000001e4392bcb30, (CMBitMap*) 0x000001e4392bcb70
 Prev Bits: [0x000001e44ca50000, 0x000001e44e9a8000)
 Next Bits: [0x000001e44e9b0000, 0x000001e450908000)

Polling page: 0x000001e437220000

Metaspace:

Usage:
  Non-class:     13.77 MB used.
      Class:      1.57 MB used.
       Both:     15.34 MB used.

Virtual space:
  Non-class space:       16.00 MB reserved,      13.88 MB ( 87%) committed,  2 nodes.
      Class space:        1.00 GB reserved,       1.69 MB ( <1%) committed,  1 nodes.
             Both:        1.02 GB reserved,      15.56 MB (  1%) committed. 

Chunk freelists:
   Non-Class:  1.94 MB
       Class:  2.34 MB
        Both:  4.28 MB

MaxMetaspaceSize: unlimited
CompressedClassSpaceSize: 1.00 GB
Initial GC threshold: 21.00 MB
Current GC threshold: 21.00 MB
CDS: off
MetaspaceReclaimPolicy: balanced
 - commit_granule_bytes: 65536.
 - commit_granule_words: 8192.
 - virtual_space_node_default_size: 1048576.
 - enlarge_chunks_in_place: 1.
 - new_chunks_are_fully_committed: 0.
 - uncommit_free_chunks: 1.
 - use_allocation_guard: 0.
 - handle_deallocations: 1.


Internal statistics:

num_allocs_failed_limit: 0.
num_arena_births: 90.
num_arena_deaths: 0.
num_vsnodes_births: 3.
num_vsnodes_deaths: 0.
num_space_committed: 249.
num_space_uncommitted: 0.
num_chunks_returned_to_freelist: 0.
num_chunks_taken_from_freelist: 318.
num_chunk_merges: 0.
num_chunk_splits: 179.
num_chunks_enlarged: 131.
num_purges: 0.
num_inconsistent_stats: 0.

CodeHeap 'non-profiled nmethods': size=120000Kb used=437Kb max_used=437Kb free=119562Kb
 bounds [0x000001e4443f0000, 0x000001e444660000, 0x000001e44b920000]
CodeHeap 'profiled nmethods': size=120000Kb used=2464Kb max_used=2464Kb free=117535Kb
 bounds [0x000001e43cec0000, 0x000001e43d130000, 0x000001e4443f0000]
CodeHeap 'non-nmethods': size=5760Kb used=1151Kb max_used=1163Kb free=4609Kb
 bounds [0x000001e43c920000, 0x000001e43cb90000, 0x000001e43cec0000]
 total_blobs=1741 nmethods=1300 adapters=354
 compilation: enabled
              stopped_count=0, restarted_count=0
 full_count=0

Compilation events (20 events):
Event: 0.763 Thread 0x000001e454024e50 nmethod 1239 0x000001e43d107310 code [0x000001e43d107500, 0x000001e43d1079d8]
Event: 0.764 Thread 0x000001e454024e50 1242       3       java.util.concurrent.locks.ReentrantLock$Sync::tryRelease (51 bytes)
Event: 0.764 Thread 0x000001e454024e50 nmethod 1242 0x000001e43d107b10 code [0x000001e43d107cc0, 0x000001e43d108008]
Event: 0.764 Thread 0x000001e454024e50 1243       3       java.util.Collections$UnmodifiableCollection$1::hasNext (10 bytes)
Event: 0.765 Thread 0x000001e454024e50 nmethod 1243 0x000001e43d108110 code [0x000001e43d1082c0, 0x000001e43d108488]
Event: 0.771 Thread 0x000001e454024e50 1244       3       java.util.concurrent.locks.ReentrantLock::unlock (10 bytes)
Event: 0.771 Thread 0x000001e454024e50 nmethod 1244 0x000001e43d108590 code [0x000001e43d108760, 0x000001e43d108a38]
Event: 0.771 Thread 0x000001e454024e50 1246       3       java.lang.Class::getInterfaces (6 bytes)
Event: 0.771 Thread 0x000001e454024e50 nmethod 1246 0x000001e43d108b90 code [0x000001e43d108d20, 0x000001e43d108e68]
Event: 0.771 Thread 0x000001e454024e50 1245       3       java.util.concurrent.locks.ReentrantLock::lock (8 bytes)
Event: 0.771 Thread 0x000001e454024e50 nmethod 1245 0x000001e43d108f10 code [0x000001e43d1090c0, 0x000001e43d109378]
Event: 0.771 Thread 0x000001e454024e50 1247   !   3       sun.reflect.generics.factory.CoreReflectionFactory::makeNamedType (21 bytes)
Event: 0.772 Thread 0x000001e454024e50 nmethod 1247 0x000001e43d109490 code [0x000001e43d109660, 0x000001e43d1098c8]
Event: 0.772 Thread 0x000001e454024e50 1248       3       sun.reflect.generics.factory.CoreReflectionFactory::getDeclsLoader (85 bytes)
Event: 0.773 Thread 0x000001e454024e50 nmethod 1248 0x000001e43d109a10 code [0x000001e43d109de0, 0x000001e43d10bef8]
Event: 0.775 Thread 0x000001e454024e50 1249       3       java.util.concurrent.CopyOnWriteArrayList$COWIterator::next (32 bytes)
Event: 0.775 Thread 0x000001e454024e50 nmethod 1249 0x000001e43d10c710 code [0x000001e43d10c8c0, 0x000001e43d10cbc8]
Event: 0.775 Thread 0x000001e454024e50 1250       3       org.springframework.boot.context.properties.source.SpringIterableConfigurationPropertySource::getPropertySource (8 bytes)
Event: 0.775 Thread 0x000001e454024e50 nmethod 1250 0x000001e43d10cd10 code [0x000001e43d10cea0, 0x000001e43d10d0b8]
Event: 0.776 Thread 0x000001e454024e50 1251       3       sun.invoke.util.VerifyAccess::isMemberAccessible (338 bytes)

GC Heap History (2 events):
Event: 0.466 GC heap before
{Heap before GC invocations=0 (full 0):
 garbage-first heap   total 129024K, used 24576K [0x0000000082a00000, 0x0000000100000000)
  region size 1024K, 23 young (23552K), 0 survivors (0K)
 Metaspace       used 11104K, committed 11264K, reserved 1064960K
  class space    used 1040K, committed 1152K, reserved 1048576K
}
Event: 0.470 GC heap after
{Heap after GC invocations=1 (full 0):
 garbage-first heap   total 129024K, used 7381K [0x0000000082a00000, 0x0000000100000000)
  region size 1024K, 3 young (3072K), 3 survivors (3072K)
 Metaspace       used 11104K, committed 11264K, reserved 1064960K
  class space    used 1040K, committed 1152K, reserved 1048576K
}

Deoptimization events (20 events):
Event: 0.307 Thread 0x000001e43927b830 DEOPT PACKING pc=0x000001e444404cdc sp=0x00000091381fd500
Event: 0.307 Thread 0x000001e43927b830 DEOPT UNPACKING pc=0x000001e43c9723a3 sp=0x00000091381fd490 mode 2
Event: 0.321 Thread 0x000001e43927b830 Uncommon trap: trap_request=0xffffff45 fr.pc=0x000001e4443f5538 relative=0x0000000000000038
Event: 0.321 Thread 0x000001e43927b830 Uncommon trap: reason=unstable_if action=reinterpret pc=0x000001e4443f5538 method=java.lang.StringLatin1.canEncode(I)Z @ 4 c2
Event: 0.321 Thread 0x000001e43927b830 DEOPT PACKING pc=0x000001e4443f5538 sp=0x00000091381fcaa0
Event: 0.321 Thread 0x000001e43927b830 DEOPT UNPACKING pc=0x000001e43c9723a3 sp=0x00000091381fca30 mode 2
Event: 0.351 Thread 0x000001e43927b830 Uncommon trap: trap_request=0xffffff45 fr.pc=0x000001e4443fc164 relative=0x0000000000000064
Event: 0.351 Thread 0x000001e43927b830 Uncommon trap: reason=unstable_if action=reinterpret pc=0x000001e4443fc164 method=java.io.WinNTFileSystem.isSlash(C)Z @ 9 c2
Event: 0.351 Thread 0x000001e43927b830 DEOPT PACKING pc=0x000001e4443fc164 sp=0x00000091381fe8d0
Event: 0.351 Thread 0x000001e43927b830 DEOPT UNPACKING pc=0x000001e43c9723a3 sp=0x00000091381fe858 mode 2
Event: 0.496 Thread 0x000001e43927b830 DEOPT PACKING pc=0x000001e43cee68be sp=0x00000091381fe3c0
Event: 0.496 Thread 0x000001e43927b830 DEOPT UNPACKING pc=0x000001e43c972b43 sp=0x00000091381fd838 mode 0
Event: 0.521 Thread 0x000001e43927b830 DEOPT PACKING pc=0x000001e43cee68be sp=0x00000091381fd1a0
Event: 0.521 Thread 0x000001e43927b830 DEOPT UNPACKING pc=0x000001e43c972b43 sp=0x00000091381fc618 mode 0
Event: 0.564 Thread 0x000001e43927b830 DEOPT PACKING pc=0x000001e43cf3ba38 sp=0x00000091381fd750
Event: 0.564 Thread 0x000001e43927b830 DEOPT UNPACKING pc=0x000001e43c972b43 sp=0x00000091381fcc68 mode 0
Event: 0.576 Thread 0x000001e43927b830 Uncommon trap: trap_request=0xffffff45 fr.pc=0x000001e444446440 relative=0x0000000000001020
Event: 0.576 Thread 0x000001e43927b830 Uncommon trap: reason=unstable_if action=reinterpret pc=0x000001e444446440 method=java.util.concurrent.ConcurrentHashMap.putVal(Ljava/lang/Object;Ljava/lang/Object;Z)Ljava/lang/Object; @ 231 c2
Event: 0.576 Thread 0x000001e43927b830 DEOPT PACKING pc=0x000001e444446440 sp=0x00000091381fe760
Event: 0.576 Thread 0x000001e43927b830 DEOPT UNPACKING pc=0x000001e43c9723a3 sp=0x00000091381fe6f0 mode 2

Classes unloaded (0 events):
No events

Classes redefined (0 events):
No events

Internal exceptions (20 events):
Event: 0.227 Thread 0x000001e43927b830 Exception <a 'java/lang/ClassNotFoundException'{0x0000000089a6bed0}: javax/smartcardio/CardPermission> (0x0000000089a6bed0) 
thrown [e:\jenkins\tmp\workspace\build\src\src\hotspot\share\classfile\systemDictionary.cpp, line 256]
Event: 0.229 Thread 0x000001e43927b830 Exception <a 'java/io/FileNotFoundException'{0x0000000089a7a8f8}> (0x0000000089a7a8f8) 
thrown [e:\jenkins\tmp\workspace\build\src\src\hotspot\share\prims\jni.cpp, line 516]
Event: 0.365 Thread 0x000001e43927b830 Exception <a 'java/lang/NoSuchMethodError'{0x0000000089559940}: 'java.lang.Object java.lang.invoke.DirectMethodHandle$Holder.invokeSpecialIFC(java.lang.Object, java.lang.Object, java.lang.Object, java.lang.Object)'> (0x0000000089559940) 
thrown [e:\jenkins\tmp\workspace\build\src\src\hotspot\share\interpreter\linkResolver.cpp, line 766]
Event: 0.380 Thread 0x000001e43927b830 Exception <a 'java/lang/NoSuchMethodError'{0x00000000895f8798}: 'int java.lang.invoke.DirectMethodHandle$Holder.invokeStaticInit(java.lang.Object, java.lang.Object)'> (0x00000000895f8798) 
thrown [e:\jenkins\tmp\workspace\build\src\src\hotspot\share\interpreter\linkResolver.cpp, line 766]
Event: 0.434 Thread 0x000001e43927b830 Exception <a 'java/lang/NoSuchMethodError'{0x0000000089255610}: 'int java.lang.invoke.DirectMethodHandle$Holder.invokeStaticInit(java.lang.Object, java.lang.Object, java.lang.Object)'> (0x0000000089255610) 
thrown [e:\jenkins\tmp\workspace\build\src\src\hotspot\share\interpreter\linkResolver.cpp, line 766]
Event: 0.438 Thread 0x000001e43927b830 Exception <a 'java/lang/NoSuchMethodError'{0x000000008927f088}: 'java.lang.Object java.lang.invoke.DirectMethodHandle$Holder.invokeVirtual(java.lang.Object, java.lang.Object, java.lang.Object)'> (0x000000008927f088) 
thrown [e:\jenkins\tmp\workspace\build\src\src\hotspot\share\interpreter\linkResolver.cpp, line 766]
Event: 0.441 Thread 0x000001e43927b830 Exception <a 'java/lang/NoSuchMethodError'{0x00000000892ad728}: 'java.lang.Object java.lang.invoke.DirectMethodHandle$Holder.newInvokeSpecial(java.lang.Object, java.lang.Object, java.lang.Object, java.lang.Object, java.lang.Object)'> (0x00000000892ad728) 
thrown [e:\jenkins\tmp\workspace\build\src\src\hotspot\share\interpreter\linkResolver.cpp, line 766]
Event: 0.448 Thread 0x000001e43927b830 Exception <a 'java/lang/NoSuchMethodError'{0x00000000891121e8}: 'void java.lang.invoke.DirectMethodHandle$Holder.invokeStatic(java.lang.Object, java.lang.Object, java.lang.Object)'> (0x00000000891121e8) 
thrown [e:\jenkins\tmp\workspace\build\src\src\hotspot\share\interpreter\linkResolver.cpp, line 766]
Event: 0.449 Thread 0x000001e43927b830 Exception <a 'java/lang/NoSuchMethodError'{0x00000000891194f8}: 'void java.lang.invoke.DirectMethodHandle$Holder.invokeStatic(java.lang.Object, java.lang.Object)'> (0x00000000891194f8) 
thrown [e:\jenkins\tmp\workspace\build\src\src\hotspot\share\interpreter\linkResolver.cpp, line 766]
Event: 0.494 Thread 0x000001e43927b830 Exception <a 'java/lang/NoSuchMethodError'{0x000000008a616878}: 'java.lang.Object java.lang.invoke.DirectMethodHandle$Holder.invokeStaticInit(java.lang.Object)'> (0x000000008a616878) 
thrown [e:\jenkins\tmp\workspace\build\src\src\hotspot\share\interpreter\linkResolver.cpp, line 766]
Event: 0.496 Thread 0x000001e43927b830 Exception <a 'sun/nio/fs/WindowsException'{0x000000008a62ac98}> (0x000000008a62ac98) 
thrown [e:\jenkins\tmp\workspace\build\src\src\hotspot\share\prims\jni.cpp, line 516]
Event: 0.560 Thread 0x000001e43927b830 Exception <a 'java/lang/NoSuchMethodError'{0x000000008a4aea08}: 'void java.lang.invoke.DirectMethodHandle$Holder.invokeStatic(java.lang.Object, java.lang.Object, java.lang.Object, java.lang.Object)'> (0x000000008a4aea08) 
thrown [e:\jenkins\tmp\workspace\build\src\src\hotspot\share\interpreter\linkResolver.cpp, line 766]
Event: 0.563 Thread 0x000001e43927b830 Exception <a 'java/lang/NoSuchMethodError'{0x000000008a4e9010}: 'int java.lang.invoke.DirectMethodHandle$Holder.invokeSpecial(java.lang.Object, java.lang.Object, java.lang.Object)'> (0x000000008a4e9010) 
thrown [e:\jenkins\tmp\workspace\build\src\src\hotspot\share\interpreter\linkResolver.cpp, line 766]
Event: 0.582 Thread 0x000001e43927b830 Exception <a 'java/lang/NoSuchMethodError'{0x000000008a3d7cc8}: 'int java.lang.invoke.DirectMethodHandle$Holder.invokeStatic(java.lang.Object, java.lang.Object, java.lang.Object, java.lang.Object)'> (0x000000008a3d7cc8) 
thrown [e:\jenkins\tmp\workspace\build\src\src\hotspot\share\interpreter\linkResolver.cpp, line 766]
Event: 0.582 Thread 0x000001e43927b830 Exception <a 'java/lang/NoSuchMethodError'{0x000000008a3db648}: 'java.lang.Object java.lang.invoke.Invokers$Holder.invokeExact_MT(java.lang.Object, java.lang.Object, java.lang.Object, java.lang.Object, java.lang.Object, java.lang.Object)'> (0x000000008a3db648) 
thrown [e:\jenkins\tmp\workspace\build\src\src\hotspot\share\interpreter\linkResolver.cpp, line 766]
Event: 0.584 Thread 0x000001e43927b830 Exception <a 'java/lang/NoSuchMethodError'{0x000000008a3efe88}: 'java.lang.Object java.lang.invoke.DirectMethodHandle$Holder.invokeInterface(java.lang.Object, java.lang.Object, java.lang.Object)'> (0x000000008a3efe88) 
thrown [e:\jenkins\tmp\workspace\build\src\src\hotspot\share\interpreter\linkResolver.cpp, line 766]
Event: 0.584 Thread 0x000001e43927b830 Exception <a 'java/lang/IncompatibleClassChangeError'{0x000000008a3f3550}: Found class java.lang.Object, but interface was expected> (0x000000008a3f3550) 
thrown [e:\jenkins\tmp\workspace\build\src\src\hotspot\share\interpreter\linkResolver.cpp, line 833]
Event: 0.614 Thread 0x000001e43927b830 Exception <a 'java/lang/NoSuchMethodError'{0x000000008a1cb6f8}: 'java.lang.Object java.lang.invoke.DirectMethodHandle$Holder.newInvokeSpecial(java.lang.Object, java.lang.Object, java.lang.Object, java.lang.Object, java.lang.Object, java.lang.Object)'> (0x000000008a1cb6f8) 
thrown [e:\jenkins\tmp\workspace\build\src\src\hotspot\share\interpreter\linkResolver.cpp, line 766]
Event: 0.617 Thread 0x000001e43927b830 Exception <a 'java/lang/NoSuchMethodError'{0x000000008a1ecc80}: 'java.lang.Object java.lang.invoke.DirectMethodHandle$Holder.invokeStatic(java.lang.Object, java.lang.Object, int)'> (0x000000008a1ecc80) 
thrown [e:\jenkins\tmp\workspace\build\src\src\hotspot\share\interpreter\linkResolver.cpp, line 766]
Event: 0.618 Thread 0x000001e43927b830 Exception <a 'java/lang/NoSuchMethodError'{0x000000008a1f8c18}: 'void java.lang.invoke.DelegatingMethodHandle$Holder.delegate(java.lang.Object, java.lang.Object, int, java.lang.Object)'> (0x000000008a1f8c18) 
thrown [e:\jenkins\tmp\workspace\build\src\src\hotspot\share\interpreter\linkResolver.cpp, line 766]

VM Operations (20 events):
Event: 0.125 Executing VM operation: HandshakeAllThreads
Event: 0.125 Executing VM operation: HandshakeAllThreads done
Event: 0.276 Executing VM operation: HandshakeAllThreads
Event: 0.276 Executing VM operation: HandshakeAllThreads done
Event: 0.319 Executing VM operation: HandshakeAllThreads
Event: 0.319 Executing VM operation: HandshakeAllThreads done
Event: 0.332 Executing VM operation: HandshakeAllThreads
Event: 0.332 Executing VM operation: HandshakeAllThreads done
Event: 0.351 Executing VM operation: HandshakeAllThreads
Event: 0.351 Executing VM operation: HandshakeAllThreads done
Event: 0.466 Executing VM operation: G1CollectForAllocation
Event: 0.470 Executing VM operation: G1CollectForAllocation done
Event: 0.497 Executing VM operation: HandshakeAllThreads
Event: 0.497 Executing VM operation: HandshakeAllThreads done
Event: 0.617 Executing VM operation: HandshakeAllThreads
Event: 0.617 Executing VM operation: HandshakeAllThreads done
Event: 0.634 Executing VM operation: HandshakeAllThreads
Event: 0.634 Executing VM operation: HandshakeAllThreads done
Event: 0.640 Executing VM operation: HandshakeAllThreads
Event: 0.640 Executing VM operation: HandshakeAllThreads done

Events (20 events):
Event: 0.747 loading class java/util/regex/Pattern$Dollar
Event: 0.747 loading class java/util/regex/Pattern$Dollar done
Event: 0.747 loading class java/util/regex/Pattern$Neg
Event: 0.747 loading class java/util/regex/Pattern$Neg done
Event: 0.751 loading class java/util/concurrent/ConcurrentLinkedDeque$Itr
Event: 0.752 loading class java/util/concurrent/ConcurrentLinkedDeque$AbstractItr
Event: 0.752 loading class java/util/concurrent/ConcurrentLinkedDeque$AbstractItr done
Event: 0.752 loading class java/util/concurrent/ConcurrentLinkedDeque$Itr done
Event: 0.753 loading class org/xml/sax/InputSource
Event: 0.753 loading class org/xml/sax/InputSource done
Event: 0.754 loading class java/nio/file/FileSystemNotFoundException
Event: 0.754 loading class java/nio/file/FileSystemNotFoundException done
Event: 0.756 loading class java/util/zip/ZipException
Event: 0.756 loading class java/util/zip/ZipException done
Event: 0.760 loading class java/io/UnsupportedEncodingException
Event: 0.760 loading class java/io/UnsupportedEncodingException done
Event: 0.761 loading class java/nio/charset/CharacterCodingException
Event: 0.761 loading class java/nio/charset/CharacterCodingException done
Event: 0.776 loading class java/util/stream/StreamSpliterators$WrappingSpliterator
Event: 0.776 loading class java/util/stream/StreamSpliterators$AbstractWrappingSpliterator


Dynamic libraries:
0x00007ff675470000 - 0x00007ff67547e000 	C:\Users\GIBAM\.p2\pool\plugins\org.eclipse.justj.openjdk.hotspot.jre.full.win32.x86_64_17.0.1.v20211116-1657\jre\bin\javaw.exe
0x00007ffa82130000 - 0x00007ffa82325000 	C:\Windows\SYSTEM32\ntdll.dll
0x00007ffa810e0000 - 0x00007ffa8119e000 	C:\Windows\System32\KERNEL32.DLL
0x00007ffa7fc40000 - 0x00007ffa7ff08000 	C:\Windows\System32\KERNELBASE.dll
0x00007ffa80070000 - 0x00007ffa80170000 	C:\Windows\System32\ucrtbase.dll
0x00007ffa41260000 - 0x00007ffa41278000 	C:\Users\GIBAM\.p2\pool\plugins\org.eclipse.justj.openjdk.hotspot.jre.full.win32.x86_64_17.0.1.v20211116-1657\jre\bin\jli.dll
0x00007ffa5df70000 - 0x00007ffa5df89000 	C:\Users\GIBAM\.p2\pool\plugins\org.eclipse.justj.openjdk.hotspot.jre.full.win32.x86_64_17.0.1.v20211116-1657\jre\bin\VCRUNTIME140.dll
0x00007ffa81d20000 - 0x00007ffa81ec1000 	C:\Windows\System32\USER32.dll
0x00007ffa7ff10000 - 0x00007ffa7ff32000 	C:\Windows\System32\win32u.dll
0x00007ffa5d3d0000 - 0x00007ffa5d66a000 	C:\Windows\WinSxS\amd64_microsoft.windows.common-controls_6595b64144ccf1df_6.0.19041.1110_none_60b5254171f9507e\COMCTL32.dll
0x00007ffa803b0000 - 0x00007ffa803db000 	C:\Windows\System32\GDI32.dll
0x00007ffa81f30000 - 0x00007ffa81fce000 	C:\Windows\System32\msvcrt.dll
0x00007ffa7f840000 - 0x00007ffa7f94d000 	C:\Windows\System32\gdi32full.dll
0x00007ffa7fb10000 - 0x00007ffa7fbad000 	C:\Windows\System32\msvcp_win.dll
0x00007ffa81cf0000 - 0x00007ffa81d20000 	C:\Windows\System32\IMM32.DLL
0x00007ffa5df60000 - 0x00007ffa5df6c000 	C:\Users\GIBAM\.p2\pool\plugins\org.eclipse.justj.openjdk.hotspot.jre.full.win32.x86_64_17.0.1.v20211116-1657\jre\bin\vcruntime140_1.dll
0x00007ffa41df0000 - 0x00007ffa41e81000 	C:\Users\GIBAM\.p2\pool\plugins\org.eclipse.justj.openjdk.hotspot.jre.full.win32.x86_64_17.0.1.v20211116-1657\jre\bin\msvcp140.dll
0x00007ffa05840000 - 0x00007ffa06486000 	C:\Users\GIBAM\.p2\pool\plugins\org.eclipse.justj.openjdk.hotspot.jre.full.win32.x86_64_17.0.1.v20211116-1657\jre\bin\server\jvm.dll
0x00007ffa815b0000 - 0x00007ffa8165c000 	C:\Windows\System32\ADVAPI32.dll
0x00007ffa80170000 - 0x00007ffa8020b000 	C:\Windows\System32\sechost.dll
0x00007ffa80fb0000 - 0x00007ffa810da000 	C:\Windows\System32\RPCRT4.dll
0x00007ffa811a0000 - 0x00007ffa811a8000 	C:\Windows\System32\PSAPI.DLL
0x00007ffa497e0000 - 0x00007ffa497e9000 	C:\Windows\SYSTEM32\WSOCK32.dll
0x00007ffa6d390000 - 0x00007ffa6d3b7000 	C:\Windows\SYSTEM32\WINMM.dll
0x00007ffa81c80000 - 0x00007ffa81ceb000 	C:\Windows\System32\WS2_32.dll
0x00007ffa783d0000 - 0x00007ffa783da000 	C:\Windows\SYSTEM32\VERSION.dll
0x00007ffa7e0d0000 - 0x00007ffa7e0e2000 	C:\Windows\SYSTEM32\kernel.appcore.dll
0x00007ffa496e0000 - 0x00007ffa496ea000 	C:\Users\GIBAM\.p2\pool\plugins\org.eclipse.justj.openjdk.hotspot.jre.full.win32.x86_64_17.0.1.v20211116-1657\jre\bin\jimage.dll
0x00007ffa7d480000 - 0x00007ffa7d664000 	C:\Windows\SYSTEM32\DBGHELP.DLL
0x00007ffa5e600000 - 0x00007ffa5e62c000 	C:\Windows\SYSTEM32\dbgcore.DLL
0x00007ffa7fbb0000 - 0x00007ffa7fc32000 	C:\Windows\System32\bcryptPrimitives.dll
0x00007ffa37860000 - 0x00007ffa37885000 	C:\Users\GIBAM\.p2\pool\plugins\org.eclipse.justj.openjdk.hotspot.jre.full.win32.x86_64_17.0.1.v20211116-1657\jre\bin\java.dll
0x00007ffa37840000 - 0x00007ffa37858000 	C:\Users\GIBAM\.p2\pool\plugins\org.eclipse.justj.openjdk.hotspot.jre.full.win32.x86_64_17.0.1.v20211116-1657\jre\bin\zip.dll
0x00007ffa80860000 - 0x00007ffa80fa4000 	C:\Windows\System32\SHELL32.dll
0x00007ffa7d8d0000 - 0x00007ffa7e064000 	C:\Windows\SYSTEM32\windows.storage.dll
0x00007ffa816c0000 - 0x00007ffa81a15000 	C:\Windows\System32\combase.dll
0x00007ffa7f290000 - 0x00007ffa7f2be000 	C:\Windows\SYSTEM32\Wldp.dll
0x00007ffa81fe0000 - 0x00007ffa8208d000 	C:\Windows\System32\SHCORE.dll
0x00007ffa81ed0000 - 0x00007ffa81f25000 	C:\Windows\System32\shlwapi.dll
0x00007ffa7f780000 - 0x00007ffa7f79f000 	C:\Windows\SYSTEM32\profapi.dll
0x00007ffa37820000 - 0x00007ffa37839000 	C:\Users\GIBAM\.p2\pool\plugins\org.eclipse.justj.openjdk.hotspot.jre.full.win32.x86_64_17.0.1.v20211116-1657\jre\bin\net.dll
0x00007ffa6e840000 - 0x00007ffa6e94c000 	C:\Windows\SYSTEM32\WINHTTP.dll
0x00007ffa7efa0000 - 0x00007ffa7f00a000 	C:\Windows\system32\mswsock.dll
0x00007ffa37800000 - 0x00007ffa37815000 	C:\Users\GIBAM\.p2\pool\plugins\org.eclipse.justj.openjdk.hotspot.jre.full.win32.x86_64_17.0.1.v20211116-1657\jre\bin\nio.dll
0x00007ffa377f0000 - 0x00007ffa37800000 	C:\Users\GIBAM\.p2\pool\plugins\org.eclipse.justj.openjdk.hotspot.jre.full.win32.x86_64_17.0.1.v20211116-1657\jre\bin\verify.dll
0x00007ffa7ec60000 - 0x00007ffa7ec9b000 	C:\Windows\SYSTEM32\IPHLPAPI.DLL
0x00007ffa81fd0000 - 0x00007ffa81fd8000 	C:\Windows\System32\NSI.dll
0x00007ffa75f40000 - 0x00007ffa75f57000 	C:\Windows\SYSTEM32\dhcpcsvc6.DLL
0x00007ffa76610000 - 0x00007ffa7662d000 	C:\Windows\SYSTEM32\dhcpcsvc.DLL
0x00007ffa7eca0000 - 0x00007ffa7ed6b000 	C:\Windows\SYSTEM32\DNSAPI.dll
0x00007ffa74610000 - 0x00007ffa7461a000 	C:\Windows\System32\rasadhlp.dll
0x00007ffa6f750000 - 0x00007ffa6f7cf000 	C:\Windows\System32\fwpuclnt.dll
0x00007ffa7ff40000 - 0x00007ffa7ff67000 	C:\Windows\System32\bcrypt.dll

dbghelp: loaded successfully - version: 4.0.5 - missing functions: none
symbol engine: initialized successfully - sym options: 0x614 - pdb path: .;C:\Users\GIBAM\.p2\pool\plugins\org.eclipse.justj.openjdk.hotspot.jre.full.win32.x86_64_17.0.1.v20211116-1657\jre\bin;C:\Windows\SYSTEM32;C:\Windows\WinSxS\amd64_microsoft.windows.common-controls_6595b64144ccf1df_6.0.19041.1110_none_60b5254171f9507e;C:\Users\GIBAM\.p2\pool\plugins\org.eclipse.justj.openjdk.hotspot.jre.full.win32.x86_64_17.0.1.v20211116-1657\jre\bin\server

VM Arguments:
jvm_args: -Dfile.encoding=UTF-8 -XX:+ShowCodeDetailsInExceptionMessages 
java_command: com.tutorial.userservice.UserServiceApplication
java_class_path (initial): C:\RETO_BCP\youtube\user-service\target\classes;C:\Users\GIBAM\.m2\repository\org\springframework\boot\spring-boot-starter-data-jpa\2.6.2\spring-boot-starter-data-jpa-2.6.2.jar;C:\Users\GIBAM\.m2\repository\org\springframework\boot\spring-boot-starter-aop\2.6.2\spring-boot-starter-aop-2.6.2.jar;C:\Users\GIBAM\.m2\repository\org\springframework\spring-aop\5.3.14\spring-aop-5.3.14.jar;C:\Users\GIBAM\.m2\repository\org\aspectj\aspectjweaver\1.9.7\aspectjweaver-1.9.7.jar;C:\Users\GIBAM\.m2\repository\org\springframework\boot\spring-boot-starter-jdbc\2.6.2\spring-boot-starter-jdbc-2.6.2.jar;C:\Users\GIBAM\.m2\repository\com\zaxxer\HikariCP\4.0.3\HikariCP-4.0.3.jar;C:\Users\GIBAM\.m2\repository\org\springframework\spring-jdbc\5.3.14\spring-jdbc-5.3.14.jar;C:\Users\GIBAM\.m2\repository\jakarta\transaction\jakarta.transaction-api\1.3.3\jakarta.transaction-api-1.3.3.jar;C:\Users\GIBAM\.m2\repository\jakarta\persistence\jakarta.persistence-api\2.2.3\jakarta.persistence-api-2.2.3.jar;C:\Users\GIBAM\.m2\repository\org\hibernate\hibernate-core\5.6.3.Final\hibernate-core-5.6.3.Final.jar;C:\Users\GIBAM\.m2\repository\org\jboss\logging\jboss-logging\3.4.2.Final\jboss-logging-3.4.2.Final.jar;C:\Users\GIBAM\.m2\repository\net\bytebuddy\byte-buddy\1.11.22\byte-buddy-1.11.22.jar;C:\Users\GIBAM\.m2\repository\antlr\antlr\2.7.7\antlr-2.7.7.jar;C:\Users\GIBAM\.m2\repository\org\jboss\jandex\2.2.3.Final\jandex-2.2.3.Final.jar;C:\Users\GIBAM\.m2\repository\com\fasterxml\classmate\1.5.1\classmate-1.5.1.jar;C:\Users\GIBAM\.m2\repository\org\hibernate\common\hibernate-commons-annotations\5.1.2.Final\hibernate-commons-annotations-5.1.2.Final.jar;C:\Users\GIBAM\.m2\repository\org\glassfish\jaxb\jaxb-runtime\2.3.5\jaxb-runtime-2.3.5.jar;C:\Users\GIBAM\.m2\repository\org\glassfish\jaxb\txw2\2.3.5\txw2-2.3.5.jar;C:\Users\GIBAM\.m2\repository\com\sun\istack\istack-commons-runtime\3.0.12\istack-commons-runtime-3.0.12.jar;C:\Users\GIBAM\.m2\repository\com\sun\activation\ja
Launcher Type: SUN_STANDARD

[Global flags]
     intx CICompilerCount                          = 4                                         {product} {ergonomic}
     uint ConcGCThreads                            = 3                                         {product} {ergonomic}
     uint G1ConcRefinementThreads                  = 10                                        {product} {ergonomic}
   size_t G1HeapRegionSize                         = 1048576                                   {product} {ergonomic}
    uintx GCDrainStackTargetSize                   = 64                                        {product} {ergonomic}
   size_t InitialHeapSize                          = 132120576                                 {product} {ergonomic}
   size_t MarkStackSize                            = 4194304                                   {product} {ergonomic}
   size_t MaxHeapSize                              = 2103443456                                {product} {ergonomic}
   size_t MaxNewSize                               = 1261436928                                {product} {ergonomic}
   size_t MinHeapDeltaBytes                        = 1048576                                   {product} {ergonomic}
   size_t MinHeapSize                              = 8388608                                   {product} {ergonomic}
    uintx NonNMethodCodeHeapSize                   = 5839372                                {pd product} {ergonomic}
    uintx NonProfiledCodeHeapSize                  = 122909434                              {pd product} {ergonomic}
    uintx ProfiledCodeHeapSize                     = 122909434                              {pd product} {ergonomic}
    uintx ReservedCodeCacheSize                    = 251658240                              {pd product} {ergonomic}
     bool SegmentedCodeCache                       = true                                      {product} {ergonomic}
     bool ShowCodeDetailsInExceptionMessages       = true                                   {manageable} {command line}
   size_t SoftMaxHeapSize                          = 2103443456                             {manageable} {ergonomic}
     bool UseCompressedClassPointers               = true                           {product lp64_product} {ergonomic}
     bool UseCompressedOops                        = true                           {product lp64_product} {ergonomic}
     bool UseG1GC                                  = true                                      {product} {ergonomic}
     bool UseLargePagesIndividualAllocation        = false                                  {pd product} {ergonomic}

Logging:
Log output configuration:
 #0: stdout all=warning uptime,level,tags
 #1: stderr all=off uptime,level,tags

Environment Variables:
PATH=C:/Users/GIBAM/.p2/pool/plugins/org.eclipse.justj.openjdk.hotspot.jre.full.win32.x86_64_17.0.1.v20211116-1657/jre/bin/server;C:/Users/GIBAM/.p2/pool/plugins/org.eclipse.justj.openjdk.hotspot.jre.full.win32.x86_64_17.0.1.v20211116-1657/jre/bin;C:\Program Files\Common Files\Oracle\Java\javapath;C:\ProgramData\Oracle\Java\javapath;C:\Windows\system32;C:\Windows;C:\Windows\System32\Wbem;C:\Windows\System32\WindowsPowerShell\v1.0\;C:\Windows\System32\OpenSSH\;C:\Program Files (x86)\NVIDIA Corporation\PhysX\Common;C:\Program Files\NVIDIA Corporation\NVIDIA NvDLISR;C:\Program Files (x86)\WinMerge;C:\Program Files\Microsoft SQL Server\Client SDK\ODBC\170\Tools\Binn\;C:\Program Files (x86)\Microsoft SQL Server\150\Tools\Binn\;C:\Program Files\Microsoft SQL Server\150\Tools\Binn\;C:\Program Files\Microsoft SQL Server\150\DTS\Binn\;C:\Program Files (x86)\Microsoft SQL Server\150\DTS\Binn\;C:\Program Files\Azure Data Studio\bin;C:\Program Files\Microsoft SQL Server\130\Tools\Binn\;C:\Program Files\dotnet\;C:\Program Files\Java\jdk-11.0.11;C:\zGian\Microservices_EscuelaT\Tools\apache-maven-3.8.1\bin;;C:\Program Files\Docker\Docker\resources\bin;C:\ProgramData\DockerDesktop\version-bin;C:\Users\GIBAM\AppData\Local\Programs\Python\Python310\Scripts\;C:\Users\GIBAM\AppData\Local\Programs\Python\Python310\;C:\Users\GIBAM\AppData\Local\Microsoft\WindowsApps;;C:\Program Files\Azure Data Studio\bin;C:\Users\GIBAM\.dotnet\tools;C:\Users\GIBAM\AppData\Local\Programs\Microsoft VS Code\bin;C:\Windows\system32;
USERNAME=Gian
OS=Windows_NT
PROCESSOR_IDENTIFIER=Intel64 Family 6 Model 165 Stepping 2, GenuineIntel



---------------  S Y S T E M  ---------------

OS:
 Windows 10 , 64 bit Build 19041 (10.0.19041.1348)
OS uptime: 9 days 3:57 hours
Hyper-V role detected

CPU: total 12 (initial active 12) (6 cores per cpu, 2 threads per core) family 6 model 165 stepping 2 microcode 0xe2, cx8, cmov, fxsr, ht, mmx, 3dnowpref, sse, sse2, sse3, ssse3, sse4.1, sse4.2, popcnt, lzcnt, tsc, tscinvbit, avx, avx2, aes, erms, clmul, bmi1, bmi2, adx, fma, vzeroupper, clflush, clflushopt, hv

Memory: 4k page, system-wide physical 8023M (221M free)
TotalPageFile size 32599M (AvailPageFile size 1M)
current process WorkingSet (physical memory assigned to process): 90M, peak: 90M
current process commit charge ("private bytes"): 230M, peak: 230M

vm_info: OpenJDK 64-Bit Server VM (17.0.1+12) for windows-amd64 JRE (17.0.1+12), built on Oct 20 2021 07:42:55 by "" with MS VC++ 16.7 (VS2019)

END.
